  framework.cpp
C:\Users\정동원\OneDrive\바탕 화면\포트폴리오용\Portfolio\Portfolio\Framwork\Utillity\Utillity.h(12,17): warning C4244: '인수': '_Elem'에서 'const _Elem'(으)로 변환하면서 데이터가 손실될 수 있습니다.
          with
          [
              _Elem=wchar_t
          ]
          and
          [
              _Elem=char
          ]
C:\Users\정동원\OneDrive\바탕 화면\포트폴리오용\Portfolio\Portfolio\Framwork\UsingCard\UsingCard.h(58,37): warning C4244: '인수': 'double'에서 'int'(으)로 변환하면서 데이터가 손실될 수 있습니다.
C:\Users\정동원\OneDrive\바탕 화면\포트폴리오용\Portfolio\Portfolio\Framwork\UsingCard\UsingCard.h(60,37): warning C4244: '인수': 'float'에서 'int'(으)로 변환하면서 데이터가 손실될 수 있습니다.
C:\Users\정동원\OneDrive\바탕 화면\포트폴리오용\Portfolio\Portfolio\Framwork\UsingCard\UsingCard.h(62,37): warning C4244: '인수': 'double'에서 'int'(으)로 변환하면서 데이터가 손실될 수 있습니다.
C:\Users\정동원\OneDrive\바탕 화면\포트폴리오용\Portfolio\Portfolio\Framwork\UsingCard\UsingCard.h(82,37): warning C4244: '인수': 'double'에서 'int'(으)로 변환하면서 데이터가 손실될 수 있습니다.
C:\Users\정동원\OneDrive\바탕 화면\포트폴리오용\Portfolio\Portfolio\Framwork\UsingCard\UsingCard.h(84,37): warning C4244: '인수': 'float'에서 'int'(으)로 변환하면서 데이터가 손실될 수 있습니다.
C:\Users\정동원\OneDrive\바탕 화면\포트폴리오용\Portfolio\Portfolio\Framwork\UsingCard\UsingCard.h(86,37): warning C4244: '인수': 'double'에서 'int'(으)로 변환하면서 데이터가 손실될 수 있습니다.
C:\Users\정동원\OneDrive\바탕 화면\포트폴리오용\Portfolio\Portfolio\Framwork\UsingCard\UsingCard.h(103,37): warning C4244: '인수': 'double'에서 'int'(으)로 변환하면서 데이터가 손실될 수 있습니다.
C:\Users\정동원\OneDrive\바탕 화면\포트폴리오용\Portfolio\Portfolio\Framwork\UsingCard\UsingCard.h(105,37): warning C4244: '인수': 'float'에서 'int'(으)로 변환하면서 데이터가 손실될 수 있습니다.
C:\Users\정동원\OneDrive\바탕 화면\포트폴리오용\Portfolio\Portfolio\Framwork\UsingCard\UsingCard.h(107,37): warning C4244: '인수': 'double'에서 'int'(으)로 변환하면서 데이터가 손실될 수 있습니다.
C:\Users\정동원\OneDrive\바탕 화면\포트폴리오용\Portfolio\Portfolio\Framwork\UsingCard\UsingCard.h(121,37): warning C4244: '인수': 'double'에서 'int'(으)로 변환하면서 데이터가 손실될 수 있습니다.
C:\Users\정동원\OneDrive\바탕 화면\포트폴리오용\Portfolio\Portfolio\Framwork\UsingCard\UsingCard.h(123,37): warning C4244: '인수': 'float'에서 'int'(으)로 변환하면서 데이터가 손실될 수 있습니다.
C:\Users\정동원\OneDrive\바탕 화면\포트폴리오용\Portfolio\Portfolio\Framwork\UsingCard\UsingCard.h(125,37): warning C4244: '인수': 'double'에서 'int'(으)로 변환하면서 데이터가 손실될 수 있습니다.
C:\Users\정동원\OneDrive\바탕 화면\포트폴리오용\Portfolio\Portfolio\Framwork\UsingCard\UsingCard.h(139,37): warning C4244: '인수': 'double'에서 'int'(으)로 변환하면서 데이터가 손실될 수 있습니다.
C:\Users\정동원\OneDrive\바탕 화면\포트폴리오용\Portfolio\Portfolio\Framwork\UsingCard\UsingCard.h(141,37): warning C4244: '인수': 'float'에서 'int'(으)로 변환하면서 데이터가 손실될 수 있습니다.
C:\Users\정동원\OneDrive\바탕 화면\포트폴리오용\Portfolio\Portfolio\Framwork\UsingCard\UsingCard.h(143,37): warning C4244: '인수': 'double'에서 'int'(으)로 변환하면서 데이터가 손실될 수 있습니다.
C:\Users\정동원\OneDrive\바탕 화면\포트폴리오용\Portfolio\Portfolio\Framwork\UsingCard\UsingCard.h(157,37): warning C4244: '인수': 'double'에서 'int'(으)로 변환하면서 데이터가 손실될 수 있습니다.
C:\Users\정동원\OneDrive\바탕 화면\포트폴리오용\Portfolio\Portfolio\Framwork\UsingCard\UsingCard.h(159,37): warning C4244: '인수': 'float'에서 'int'(으)로 변환하면서 데이터가 손실될 수 있습니다.
C:\Users\정동원\OneDrive\바탕 화면\포트폴리오용\Portfolio\Portfolio\Framwork\UsingCard\UsingCard.h(161,37): warning C4244: '인수': 'double'에서 'int'(으)로 변환하면서 데이터가 손실될 수 있습니다.
C:\Users\정동원\OneDrive\바탕 화면\포트폴리오용\Portfolio\Portfolio\Framwork\UsingCard\UsingCard.h(181,37): warning C4244: '인수': 'double'에서 'int'(으)로 변환하면서 데이터가 손실될 수 있습니다.
C:\Users\정동원\OneDrive\바탕 화면\포트폴리오용\Portfolio\Portfolio\Framwork\UsingCard\UsingCard.h(183,37): warning C4244: '인수': 'float'에서 'int'(으)로 변환하면서 데이터가 손실될 수 있습니다.
C:\Users\정동원\OneDrive\바탕 화면\포트폴리오용\Portfolio\Portfolio\Framwork\UsingCard\UsingCard.h(185,37): warning C4244: '인수': 'double'에서 'int'(으)로 변환하면서 데이터가 손실될 수 있습니다.
C:\Users\정동원\OneDrive\바탕 화면\포트폴리오용\Portfolio\Portfolio\Framwork\UsingCard\UsingCard.h(201,37): warning C4244: '인수': 'double'에서 'int'(으)로 변환하면서 데이터가 손실될 수 있습니다.
C:\Users\정동원\OneDrive\바탕 화면\포트폴리오용\Portfolio\Portfolio\Framwork\UsingCard\UsingCard.h(203,37): warning C4244: '인수': 'float'에서 'int'(으)로 변환하면서 데이터가 손실될 수 있습니다.
C:\Users\정동원\OneDrive\바탕 화면\포트폴리오용\Portfolio\Portfolio\Framwork\UsingCard\UsingCard.h(205,37): warning C4244: '인수': 'double'에서 'int'(으)로 변환하면서 데이터가 손실될 수 있습니다.
C:\Users\정동원\OneDrive\바탕 화면\포트폴리오용\Portfolio\Portfolio\Framwork\UsingCard\UsingCard.h(219,37): warning C4244: '인수': 'double'에서 'int'(으)로 변환하면서 데이터가 손실될 수 있습니다.
C:\Users\정동원\OneDrive\바탕 화면\포트폴리오용\Portfolio\Portfolio\Framwork\UsingCard\UsingCard.h(221,37): warning C4244: '인수': 'float'에서 'int'(으)로 변환하면서 데이터가 손실될 수 있습니다.
C:\Users\정동원\OneDrive\바탕 화면\포트폴리오용\Portfolio\Portfolio\Framwork\UsingCard\UsingCard.h(223,37): warning C4244: '인수': 'double'에서 'int'(으)로 변환하면서 데이터가 손실될 수 있습니다.
C:\Users\정동원\OneDrive\바탕 화면\포트폴리오용\Portfolio\Portfolio\Framwork\UsingCard\UsingCard.h(237,37): warning C4244: '인수': 'double'에서 'int'(으)로 변환하면서 데이터가 손실될 수 있습니다.
C:\Users\정동원\OneDrive\바탕 화면\포트폴리오용\Portfolio\Portfolio\Framwork\UsingCard\UsingCard.h(239,37): warning C4244: '인수': 'float'에서 'int'(으)로 변환하면서 데이터가 손실될 수 있습니다.
C:\Users\정동원\OneDrive\바탕 화면\포트폴리오용\Portfolio\Portfolio\Framwork\UsingCard\UsingCard.h(241,37): warning C4244: '인수': 'double'에서 'int'(으)로 변환하면서 데이터가 손실될 수 있습니다.
C:\Users\정동원\OneDrive\바탕 화면\포트폴리오용\Portfolio\Portfolio\Framwork\UsingCard\UsingCard.h(256,37): warning C4244: '인수': 'double'에서 'int'(으)로 변환하면서 데이터가 손실될 수 있습니다.
C:\Users\정동원\OneDrive\바탕 화면\포트폴리오용\Portfolio\Portfolio\Framwork\UsingCard\UsingCard.h(258,37): warning C4244: '인수': 'float'에서 'int'(으)로 변환하면서 데이터가 손실될 수 있습니다.
C:\Users\정동원\OneDrive\바탕 화면\포트폴리오용\Portfolio\Portfolio\Framwork\UsingCard\UsingCard.h(260,37): warning C4244: '인수': 'double'에서 'int'(으)로 변환하면서 데이터가 손실될 수 있습니다.
C:\Users\정동원\OneDrive\바탕 화면\포트폴리오용\Portfolio\Portfolio\Framwork\UsingCard\UsingCard.h(274,37): warning C4244: '인수': 'double'에서 'int'(으)로 변환하면서 데이터가 손실될 수 있습니다.
C:\Users\정동원\OneDrive\바탕 화면\포트폴리오용\Portfolio\Portfolio\Framwork\UsingCard\UsingCard.h(276,37): warning C4244: '인수': 'float'에서 'int'(으)로 변환하면서 데이터가 손실될 수 있습니다.
C:\Users\정동원\OneDrive\바탕 화면\포트폴리오용\Portfolio\Portfolio\Framwork\UsingCard\UsingCard.h(278,37): warning C4244: '인수': 'double'에서 'int'(으)로 변환하면서 데이터가 손실될 수 있습니다.
C:\Users\정동원\OneDrive\바탕 화면\포트폴리오용\Portfolio\Portfolio\Framwork\UsingCard\UsingCard.h(292,37): warning C4244: '인수': 'double'에서 'int'(으)로 변환하면서 데이터가 손실될 수 있습니다.
C:\Users\정동원\OneDrive\바탕 화면\포트폴리오용\Portfolio\Portfolio\Framwork\UsingCard\UsingCard.h(294,37): warning C4244: '인수': 'float'에서 'int'(으)로 변환하면서 데이터가 손실될 수 있습니다.
C:\Users\정동원\OneDrive\바탕 화면\포트폴리오용\Portfolio\Portfolio\Framwork\UsingCard\UsingCard.h(296,37): warning C4244: '인수': 'double'에서 'int'(으)로 변환하면서 데이터가 손실될 수 있습니다.
C:\Users\정동원\OneDrive\바탕 화면\포트폴리오용\Portfolio\Portfolio\Framwork\UsingCard\UsingCard.h(310,37): warning C4244: '인수': 'double'에서 'int'(으)로 변환하면서 데이터가 손실될 수 있습니다.
C:\Users\정동원\OneDrive\바탕 화면\포트폴리오용\Portfolio\Portfolio\Framwork\UsingCard\UsingCard.h(312,37): warning C4244: '인수': 'float'에서 'int'(으)로 변환하면서 데이터가 손실될 수 있습니다.
C:\Users\정동원\OneDrive\바탕 화면\포트폴리오용\Portfolio\Portfolio\Framwork\UsingCard\UsingCard.h(314,37): warning C4244: '인수': 'double'에서 'int'(으)로 변환하면서 데이터가 손실될 수 있습니다.
C:\Users\정동원\OneDrive\바탕 화면\포트폴리오용\Portfolio\Portfolio\Framwork\UsingCard\UsingCard.h(328,37): warning C4244: '인수': 'double'에서 'int'(으)로 변환하면서 데이터가 손실될 수 있습니다.
C:\Users\정동원\OneDrive\바탕 화면\포트폴리오용\Portfolio\Portfolio\Framwork\UsingCard\UsingCard.h(330,37): warning C4244: '인수': 'float'에서 'int'(으)로 변환하면서 데이터가 손실될 수 있습니다.
C:\Users\정동원\OneDrive\바탕 화면\포트폴리오용\Portfolio\Portfolio\Framwork\UsingCard\UsingCard.h(332,37): warning C4244: '인수': 'double'에서 'int'(으)로 변환하면서 데이터가 손실될 수 있습니다.
C:\Users\정동원\OneDrive\바탕 화면\포트폴리오용\Portfolio\Portfolio\Framwork\UsingCard\UsingCard.h(346,37): warning C4244: '인수': 'double'에서 'int'(으)로 변환하면서 데이터가 손실될 수 있습니다.
C:\Users\정동원\OneDrive\바탕 화면\포트폴리오용\Portfolio\Portfolio\Framwork\UsingCard\UsingCard.h(348,37): warning C4244: '인수': 'float'에서 'int'(으)로 변환하면서 데이터가 손실될 수 있습니다.
C:\Users\정동원\OneDrive\바탕 화면\포트폴리오용\Portfolio\Portfolio\Framwork\UsingCard\UsingCard.h(350,37): warning C4244: '인수': 'double'에서 'int'(으)로 변환하면서 데이터가 손실될 수 있습니다.
C:\Users\정동원\OneDrive\바탕 화면\포트폴리오용\Portfolio\Portfolio\Framwork\UsingCard\UsingCard.h(364,37): warning C4244: '인수': 'double'에서 'int'(으)로 변환하면서 데이터가 손실될 수 있습니다.
C:\Users\정동원\OneDrive\바탕 화면\포트폴리오용\Portfolio\Portfolio\Framwork\UsingCard\UsingCard.h(366,37): warning C4244: '인수': 'float'에서 'int'(으)로 변환하면서 데이터가 손실될 수 있습니다.
C:\Users\정동원\OneDrive\바탕 화면\포트폴리오용\Portfolio\Portfolio\Framwork\UsingCard\UsingCard.h(368,37): warning C4244: '인수': 'double'에서 'int'(으)로 변환하면서 데이터가 손실될 수 있습니다.
C:\Users\정동원\OneDrive\바탕 화면\포트폴리오용\Portfolio\Portfolio\Framwork\UsingCard\UsingCard.h(382,37): warning C4244: '인수': 'double'에서 'int'(으)로 변환하면서 데이터가 손실될 수 있습니다.
C:\Users\정동원\OneDrive\바탕 화면\포트폴리오용\Portfolio\Portfolio\Framwork\UsingCard\UsingCard.h(384,37): warning C4244: '인수': 'float'에서 'int'(으)로 변환하면서 데이터가 손실될 수 있습니다.
C:\Users\정동원\OneDrive\바탕 화면\포트폴리오용\Portfolio\Portfolio\Framwork\UsingCard\UsingCard.h(386,37): warning C4244: '인수': 'double'에서 'int'(으)로 변환하면서 데이터가 손실될 수 있습니다.
C:\Users\정동원\OneDrive\바탕 화면\포트폴리오용\Portfolio\Portfolio\Framwork\UsingCard\UsingCard.h(400,37): warning C4244: '인수': 'double'에서 'int'(으)로 변환하면서 데이터가 손실될 수 있습니다.
C:\Users\정동원\OneDrive\바탕 화면\포트폴리오용\Portfolio\Portfolio\Framwork\UsingCard\UsingCard.h(402,37): warning C4244: '인수': 'float'에서 'int'(으)로 변환하면서 데이터가 손실될 수 있습니다.
C:\Users\정동원\OneDrive\바탕 화면\포트폴리오용\Portfolio\Portfolio\Framwork\UsingCard\UsingCard.h(404,37): warning C4244: '인수': 'double'에서 'int'(으)로 변환하면서 데이터가 손실될 수 있습니다.
C:\Users\정동원\OneDrive\바탕 화면\포트폴리오용\Portfolio\Portfolio\Framwork\UsingCard\UsingCard.h(418,37): warning C4244: '인수': 'double'에서 'int'(으)로 변환하면서 데이터가 손실될 수 있습니다.
C:\Users\정동원\OneDrive\바탕 화면\포트폴리오용\Portfolio\Portfolio\Framwork\UsingCard\UsingCard.h(420,37): warning C4244: '인수': 'float'에서 'int'(으)로 변환하면서 데이터가 손실될 수 있습니다.
C:\Users\정동원\OneDrive\바탕 화면\포트폴리오용\Portfolio\Portfolio\Framwork\UsingCard\UsingCard.h(422,37): warning C4244: '인수': 'double'에서 'int'(으)로 변환하면서 데이터가 손실될 수 있습니다.
C:\Users\정동원\OneDrive\바탕 화면\포트폴리오용\Portfolio\Portfolio\Framwork\UsingCard\UsingCard.h(436,37): warning C4244: '인수': 'double'에서 'int'(으)로 변환하면서 데이터가 손실될 수 있습니다.
C:\Users\정동원\OneDrive\바탕 화면\포트폴리오용\Portfolio\Portfolio\Framwork\UsingCard\UsingCard.h(438,37): warning C4244: '인수': 'float'에서 'int'(으)로 변환하면서 데이터가 손실될 수 있습니다.
C:\Users\정동원\OneDrive\바탕 화면\포트폴리오용\Portfolio\Portfolio\Framwork\UsingCard\UsingCard.h(440,37): warning C4244: '인수': 'double'에서 'int'(으)로 변환하면서 데이터가 손실될 수 있습니다.
C:\Users\정동원\OneDrive\바탕 화면\포트폴리오용\Portfolio\Portfolio\Framwork\UsingCard\UsingCard.h(454,37): warning C4244: '인수': 'double'에서 'int'(으)로 변환하면서 데이터가 손실될 수 있습니다.
C:\Users\정동원\OneDrive\바탕 화면\포트폴리오용\Portfolio\Portfolio\Framwork\UsingCard\UsingCard.h(456,37): warning C4244: '인수': 'float'에서 'int'(으)로 변환하면서 데이터가 손실될 수 있습니다.
C:\Users\정동원\OneDrive\바탕 화면\포트폴리오용\Portfolio\Portfolio\Framwork\UsingCard\UsingCard.h(458,37): warning C4244: '인수': 'double'에서 'int'(으)로 변환하면서 데이터가 손실될 수 있습니다.
C:\Users\정동원\OneDrive\바탕 화면\포트폴리오용\Portfolio\Portfolio\Framwork\UsingCard\UsingCard.h(472,37): warning C4244: '인수': 'double'에서 'int'(으)로 변환하면서 데이터가 손실될 수 있습니다.
C:\Users\정동원\OneDrive\바탕 화면\포트폴리오용\Portfolio\Portfolio\Framwork\UsingCard\UsingCard.h(474,37): warning C4244: '인수': 'float'에서 'int'(으)로 변환하면서 데이터가 손실될 수 있습니다.
C:\Users\정동원\OneDrive\바탕 화면\포트폴리오용\Portfolio\Portfolio\Framwork\UsingCard\UsingCard.h(476,37): warning C4244: '인수': 'double'에서 'int'(으)로 변환하면서 데이터가 손실될 수 있습니다.
C:\Users\정동원\OneDrive\바탕 화면\포트폴리오용\Portfolio\Portfolio\Framwork\UsingCard\UsingCard.h(490,37): warning C4244: '인수': 'double'에서 'int'(으)로 변환하면서 데이터가 손실될 수 있습니다.
C:\Users\정동원\OneDrive\바탕 화면\포트폴리오용\Portfolio\Portfolio\Framwork\UsingCard\UsingCard.h(492,37): warning C4244: '인수': 'float'에서 'int'(으)로 변환하면서 데이터가 손실될 수 있습니다.
C:\Users\정동원\OneDrive\바탕 화면\포트폴리오용\Portfolio\Portfolio\Framwork\UsingCard\UsingCard.h(494,37): warning C4244: '인수': 'double'에서 'int'(으)로 변환하면서 데이터가 손실될 수 있습니다.
C:\Users\정동원\OneDrive\바탕 화면\포트폴리오용\Portfolio\Portfolio\Framwork\UsingCard\UsingCard.h(508,37): warning C4244: '인수': 'double'에서 'int'(으)로 변환하면서 데이터가 손실될 수 있습니다.
C:\Users\정동원\OneDrive\바탕 화면\포트폴리오용\Portfolio\Portfolio\Framwork\UsingCard\UsingCard.h(510,37): warning C4244: '인수': 'float'에서 'int'(으)로 변환하면서 데이터가 손실될 수 있습니다.
C:\Users\정동원\OneDrive\바탕 화면\포트폴리오용\Portfolio\Portfolio\Framwork\UsingCard\UsingCard.h(512,37): warning C4244: '인수': 'double'에서 'int'(으)로 변환하면서 데이터가 손실될 수 있습니다.
C:\Users\정동원\OneDrive\바탕 화면\포트폴리오용\Portfolio\Portfolio\Framwork\UsingCard\UsingCard.h(526,37): warning C4244: '인수': 'double'에서 'int'(으)로 변환하면서 데이터가 손실될 수 있습니다.
C:\Users\정동원\OneDrive\바탕 화면\포트폴리오용\Portfolio\Portfolio\Framwork\UsingCard\UsingCard.h(528,37): warning C4244: '인수': 'float'에서 'int'(으)로 변환하면서 데이터가 손실될 수 있습니다.
C:\Users\정동원\OneDrive\바탕 화면\포트폴리오용\Portfolio\Portfolio\Framwork\UsingCard\UsingCard.h(530,37): warning C4244: '인수': 'double'에서 'int'(으)로 변환하면서 데이터가 손실될 수 있습니다.
C:\Users\정동원\OneDrive\바탕 화면\포트폴리오용\Portfolio\Portfolio\Framwork\UsingCard\UsingCard.h(544,37): warning C4244: '인수': 'double'에서 'int'(으)로 변환하면서 데이터가 손실될 수 있습니다.
C:\Users\정동원\OneDrive\바탕 화면\포트폴리오용\Portfolio\Portfolio\Framwork\UsingCard\UsingCard.h(546,37): warning C4244: '인수': 'float'에서 'int'(으)로 변환하면서 데이터가 손실될 수 있습니다.
C:\Users\정동원\OneDrive\바탕 화면\포트폴리오용\Portfolio\Portfolio\Framwork\UsingCard\UsingCard.h(548,37): warning C4244: '인수': 'double'에서 'int'(으)로 변환하면서 데이터가 손실될 수 있습니다.
C:\Users\정동원\OneDrive\바탕 화면\포트폴리오용\Portfolio\Portfolio\Framwork\UsingCard\UsingCard.h(562,37): warning C4244: '인수': 'double'에서 'int'(으)로 변환하면서 데이터가 손실될 수 있습니다.
C:\Users\정동원\OneDrive\바탕 화면\포트폴리오용\Portfolio\Portfolio\Framwork\UsingCard\UsingCard.h(564,37): warning C4244: '인수': 'float'에서 'int'(으)로 변환하면서 데이터가 손실될 수 있습니다.
C:\Users\정동원\OneDrive\바탕 화면\포트폴리오용\Portfolio\Portfolio\Framwork\UsingCard\UsingCard.h(566,37): warning C4244: '인수': 'double'에서 'int'(으)로 변환하면서 데이터가 손실될 수 있습니다.
C:\Users\정동원\OneDrive\바탕 화면\포트폴리오용\Portfolio\Portfolio\Framwork\UsingCard\UsingCard.h(580,37): warning C4244: '인수': 'double'에서 'int'(으)로 변환하면서 데이터가 손실될 수 있습니다.
C:\Users\정동원\OneDrive\바탕 화면\포트폴리오용\Portfolio\Portfolio\Framwork\UsingCard\UsingCard.h(582,37): warning C4244: '인수': 'float'에서 'int'(으)로 변환하면서 데이터가 손실될 수 있습니다.
C:\Users\정동원\OneDrive\바탕 화면\포트폴리오용\Portfolio\Portfolio\Framwork\UsingCard\UsingCard.h(584,37): warning C4244: '인수': 'double'에서 'int'(으)로 변환하면서 데이터가 손실될 수 있습니다.
C:\Users\정동원\OneDrive\바탕 화면\포트폴리오용\Portfolio\Portfolio\Framwork\UsingCard\UsingCard.h(598,37): warning C4244: '인수': 'double'에서 'int'(으)로 변환하면서 데이터가 손실될 수 있습니다.
C:\Users\정동원\OneDrive\바탕 화면\포트폴리오용\Portfolio\Portfolio\Framwork\UsingCard\UsingCard.h(600,37): warning C4244: '인수': 'float'에서 'int'(으)로 변환하면서 데이터가 손실될 수 있습니다.
C:\Users\정동원\OneDrive\바탕 화면\포트폴리오용\Portfolio\Portfolio\Framwork\UsingCard\UsingCard.h(602,37): warning C4244: '인수': 'double'에서 'int'(으)로 변환하면서 데이터가 손실될 수 있습니다.
C:\Users\정동원\OneDrive\바탕 화면\포트폴리오용\Portfolio\Portfolio\Framwork\UsingCard\UsingCard.h(616,37): warning C4244: '인수': 'double'에서 'int'(으)로 변환하면서 데이터가 손실될 수 있습니다.
C:\Users\정동원\OneDrive\바탕 화면\포트폴리오용\Portfolio\Portfolio\Framwork\UsingCard\UsingCard.h(618,37): warning C4244: '인수': 'float'에서 'int'(으)로 변환하면서 데이터가 손실될 수 있습니다.
C:\Users\정동원\OneDrive\바탕 화면\포트폴리오용\Portfolio\Portfolio\Framwork\UsingCard\UsingCard.h(620,37): warning C4244: '인수': 'double'에서 'int'(으)로 변환하면서 데이터가 손실될 수 있습니다.
C:\Users\정동원\OneDrive\바탕 화면\포트폴리오용\Portfolio\Portfolio\Framwork\UsingCard\UsingCard.h(634,37): warning C4244: '인수': 'double'에서 'int'(으)로 변환하면서 데이터가 손실될 수 있습니다.
C:\Users\정동원\OneDrive\바탕 화면\포트폴리오용\Portfolio\Portfolio\Framwork\UsingCard\UsingCard.h(636,37): warning C4244: '인수': 'float'에서 'int'(으)로 변환하면서 데이터가 손실될 수 있습니다.
C:\Users\정동원\OneDrive\바탕 화면\포트폴리오용\Portfolio\Portfolio\Framwork\UsingCard\UsingCard.h(638,37): warning C4244: '인수': 'double'에서 'int'(으)로 변환하면서 데이터가 손실될 수 있습니다.
  Action.cpp
C:\Users\정동원\OneDrive\바탕 화면\포트폴리오용\Portfolio\Portfolio\Framwork\Action\Action.cpp(24,20): warning C4244: '+=': 'double'에서 'float'(으)로 변환하면서 데이터가 손실될 수 있습니다.
  Camera.cpp
C:\Users\정동원\OneDrive\바탕 화면\포트폴리오용\Portfolio\Portfolio\Framwork\Camera\Camera.cpp(43,13): warning C4244: '=': 'UINT'에서 'FLOAT'(으)로 변환하면서 데이터가 손실될 수 있습니다.
C:\Users\정동원\OneDrive\바탕 화면\포트폴리오용\Portfolio\Portfolio\Framwork\Camera\Camera.cpp(44,14): warning C4244: '=': 'UINT'에서 'FLOAT'(으)로 변환하면서 데이터가 손실될 수 있습니다.
C:\Users\정동원\OneDrive\바탕 화면\포트폴리오용\Portfolio\Portfolio\Framwork\Camera\Camera.cpp(55,87): warning C4244: '인수': 'UINT'에서 'float'(으)로 변환하면서 데이터가 손실될 수 있습니다.
C:\Users\정동원\OneDrive\바탕 화면\포트폴리오용\Portfolio\Portfolio\Framwork\Camera\Camera.cpp(55,68): warning C4244: '인수': 'UINT'에서 'float'(으)로 변환하면서 데이터가 손실될 수 있습니다.
C:\Users\정동원\OneDrive\바탕 화면\포트폴리오용\Portfolio\Portfolio\Framwork\Camera\Camera.cpp(74,48): warning C4244: '-=': 'double'에서 'float'(으)로 변환하면서 데이터가 손실될 수 있습니다.
C:\Users\정동원\OneDrive\바탕 화면\포트폴리오용\Portfolio\Portfolio\Framwork\Camera\Camera.cpp(76,48): warning C4244: '+=': 'double'에서 'float'(으)로 변환하면서 데이터가 손실될 수 있습니다.
C:\Users\정동원\OneDrive\바탕 화면\포트폴리오용\Portfolio\Portfolio\Framwork\Camera\Camera.cpp(78,48): warning C4244: '+=': 'double'에서 'float'(으)로 변환하면서 데이터가 손실될 수 있습니다.
C:\Users\정동원\OneDrive\바탕 화면\포트폴리오용\Portfolio\Portfolio\Framwork\Camera\Camera.cpp(80,48): warning C4244: '-=': 'double'에서 'float'(으)로 변환하면서 데이터가 손실될 수 있습니다.
C:\Users\정동원\OneDrive\바탕 화면\포트폴리오용\Portfolio\Portfolio\Framwork\Camera\Camera.cpp(99,25): warning C4244: '인수': 'double'에서 'const float'(으)로 변환하면서 데이터가 손실될 수 있습니다.
C:\Users\정동원\OneDrive\바탕 화면\포트폴리오용\Portfolio\Portfolio\Framwork\Camera\Camera.cpp(107,24): warning C4244: '-=': 'double'에서 'float'(으)로 변환하면서 데이터가 손실될 수 있습니다.
C:\Users\정동원\OneDrive\바탕 화면\포트폴리오용\Portfolio\Portfolio\Framwork\Camera\Camera.cpp(108,42): warning C4244: '-=': 'double'에서 'float'(으)로 변환하면서 데이터가 손실될 수 있습니다.
  CircleCollider.cpp
C:\Users\정동원\OneDrive\바탕 화면\포트폴리오용\Portfolio\Portfolio\Framwork\Collider\CircleCollider.cpp(42,11): warning C4244: '초기화 중': 'double'에서 'float'(으)로 변환하면서 데이터가 손실될 수 있습니다.
C:\Users\정동원\OneDrive\바탕 화면\포트폴리오용\Portfolio\Portfolio\Framwork\Collider\CircleCollider.cpp(43,11): warning C4244: '초기화 중': 'double'에서 'float'(으)로 변환하면서 데이터가 손실될 수 있습니다.
  Collider.cpp
C:\Users\정동원\OneDrive\바탕 화면\포트폴리오용\Portfolio\Portfolio\Framwork\Collider\Collider.cpp(30,42): warning C4267: '인수': 'size_t'에서 'UINT'(으)로 변환하면서 데이터가 손실될 수 있습니다.
C:\Program Files (x86)\Microsoft Visual Studio\2019\Community\VC\Tools\MSVC\14.29.30133\include\xutility(142,1): warning C4267: '인수': 'size_t'에서 'UINT'(으)로 변환하면서 데이터가 손실될 수 있습니다.
C:\Program Files (x86)\Microsoft Visual Studio\2019\Community\VC\Tools\MSVC\14.29.30133\include\memory(2006): message : 컴파일되는 함수 템플릿 인스턴스화 'void std::_Construct_in_place<_Ty,Vertex*,UINT&,unsigned __int64>(_Ty &,Vertex *&&,UINT &,unsigned __int64 &&) noexcept(false)'에 대한 참조를 확인하세요.
          with
          [
              _Ty=VertexBuffer
          ]
C:\Program Files (x86)\Microsoft Visual Studio\2019\Community\VC\Tools\MSVC\14.29.30133\include\memory(2725): message : 컴파일되는 함수 템플릿 인스턴스화 'std::_Ref_count_obj2<_Ty>::_Ref_count_obj2<Vertex*,UINT&,unsigned __int64>(Vertex *&&,UINT &,unsigned __int64 &&)'에 대한 참조를 확인하세요.
          with
          [
              _Ty=VertexBuffer
          ]
C:\Program Files (x86)\Microsoft Visual Studio\2019\Community\VC\Tools\MSVC\14.29.30133\include\memory(2726): message : 컴파일되는 함수 템플릿 인스턴스화 'std::_Ref_count_obj2<_Ty>::_Ref_count_obj2<Vertex*,UINT&,unsigned __int64>(Vertex *&&,UINT &,unsigned __int64 &&)'에 대한 참조를 확인하세요.
          with
          [
              _Ty=VertexBuffer
          ]
C:\Users\정동원\OneDrive\바탕 화면\포트폴리오용\Portfolio\Portfolio\Framwork\Collider\Collider.cpp(61): message : 컴파일되는 함수 템플릿 인스턴스화 'std::shared_ptr<VertexBuffer> std::make_shared<VertexBuffer,_Ty*,UINT&,unsigned __int64>(_Ty *&&,UINT &,unsigned __int64 &&)'에 대한 참조를 확인하세요.
          with
          [
              _Ty=Vertex
          ]
  RectCollider.cpp
  Device.cpp
  Transform.cpp
  Vector2.cpp
  ConstantBuffer.cpp
  IndexBuffer.cpp
  VertexBuffer.cpp
  PixelShader.cpp
  VertexShader.cpp
  SRV.cpp
C:\Users\정동원\OneDrive\바탕 화면\포트폴리오용\Portfolio\Portfolio\Framwork\Render\Texture\SRV.cpp(28,68): warning C4244: '인수': 'const size_t'에서 'float'(으)로 변환하면서 데이터가 손실될 수 있습니다.
C:\Users\정동원\OneDrive\바탕 화면\포트폴리오용\Portfolio\Portfolio\Framwork\Render\Texture\SRV.cpp(28,40): warning C4244: '인수': 'const size_t'에서 'float'(으)로 변환하면서 데이터가 손실될 수 있습니다.
  TextureManager.cpp
  BlendState.cpp
  SamplerState.cpp
  StateManager.cpp
  UsingCard.cpp
  KeyBoard.cpp
  코드를 생성하고 있습니다...
C:\Users\정동원\OneDrive\바탕 화면\포트폴리오용\Portfolio\Portfolio\Framwork\Device\Device.h(27): warning C4715: 'Device::GetInstance': 모든 제어 경로에서 값을 반환하지는 않습니다.
C:\Users\정동원\OneDrive\바탕 화면\포트폴리오용\Portfolio\Portfolio\Framwork\Device\Device.h(27): warning C4715: 'Device::GetInstance': 모든 제어 경로에서 값을 반환하지는 않습니다.
C:\Users\정동원\OneDrive\바탕 화면\포트폴리오용\Portfolio\Portfolio\Framwork\Device\Device.h(27): warning C4715: 'Device::GetInstance': 모든 제어 경로에서 값을 반환하지는 않습니다.
C:\Users\정동원\OneDrive\바탕 화면\포트폴리오용\Portfolio\Portfolio\Framwork\Device\Device.h(27): warning C4715: 'Device::GetInstance': 모든 제어 경로에서 값을 반환하지는 않습니다.
C:\Users\정동원\OneDrive\바탕 화면\포트폴리오용\Portfolio\Portfolio\Framwork\Device\Device.h(27): warning C4715: 'Device::GetInstance': 모든 제어 경로에서 값을 반환하지는 않습니다.
C:\Users\정동원\OneDrive\바탕 화면\포트폴리오용\Portfolio\Portfolio\Framwork\Device\Device.h(27): warning C4715: 'Device::GetInstance': 모든 제어 경로에서 값을 반환하지는 않습니다.
C:\Users\정동원\OneDrive\바탕 화면\포트폴리오용\Portfolio\Portfolio\Framwork\Device\Device.h(27): warning C4715: 'Device::GetInstance': 모든 제어 경로에서 값을 반환하지는 않습니다.
C:\Users\정동원\OneDrive\바탕 화면\포트폴리오용\Portfolio\Portfolio\Framwork\Device\Device.h(27): warning C4715: 'Device::GetInstance': 모든 제어 경로에서 값을 반환하지는 않습니다.
C:\Users\정동원\OneDrive\바탕 화면\포트폴리오용\Portfolio\Portfolio\Framwork\Device\Device.h(27): warning C4715: 'Device::GetInstance': 모든 제어 경로에서 값을 반환하지는 않습니다.
C:\Users\정동원\OneDrive\바탕 화면\포트폴리오용\Portfolio\Portfolio\Framwork\Device\Device.h(27): warning C4715: 'Device::GetInstance': 모든 제어 경로에서 값을 반환하지는 않습니다.
C:\Users\정동원\OneDrive\바탕 화면\포트폴리오용\Portfolio\Portfolio\Framwork\Utillity\Timer.h(35): warning C4715: 'Timer::GetInstance': 모든 제어 경로에서 값을 반환하지는 않습니다.
C:\Users\정동원\OneDrive\바탕 화면\포트폴리오용\Portfolio\Portfolio\Framwork\Utillity\KeyBoard.h(39): warning C4715: 'KeyBoard::GetInstance': 모든 제어 경로에서 값을 반환하지는 않습니다.
C:\Users\정동원\OneDrive\바탕 화면\포트폴리오용\Portfolio\Portfolio\Framwork\Utillity\Timer.h(35): warning C4715: 'Timer::GetInstance': 모든 제어 경로에서 값을 반환하지는 않습니다.
  컴파일하고 있습니다...
  Timer.cpp
  Utillity.cpp
  Effect.cpp
  EffectManager.cpp
C:\Users\정동원\OneDrive\바탕 화면\포트폴리오용\Portfolio\Portfolio\Obejct\BagicObject\EffectManager.cpp(26,15): warning C4018: '<': signed 또는 unsigned가 일치하지 않습니다.
  Quad.cpp
C:\Users\정동원\OneDrive\바탕 화면\포트폴리오용\Portfolio\Portfolio\Obejct\BagicObject\Quad.cpp(48,55): warning C4267: '인수': 'size_t'에서 'UINT'(으)로 변환하면서 데이터가 손실될 수 있습니다.
C:\Program Files (x86)\Microsoft Visual Studio\2019\Community\VC\Tools\MSVC\14.29.30133\include\xutility(142,1): warning C4267: '인수': 'size_t'에서 'UINT'(으)로 변환하면서 데이터가 손실될 수 있습니다.
C:\Program Files (x86)\Microsoft Visual Studio\2019\Community\VC\Tools\MSVC\14.29.30133\include\memory(2006): message : 컴파일되는 함수 템플릿 인스턴스화 'void std::_Construct_in_place<_Ty,VertexUV*,UINT&,unsigned __int64>(_Ty &,VertexUV *&&,UINT &,unsigned __int64 &&) noexcept(false)'에 대한 참조를 확인하세요.
          with
          [
              _Ty=VertexBuffer
          ]
C:\Program Files (x86)\Microsoft Visual Studio\2019\Community\VC\Tools\MSVC\14.29.30133\include\memory(2725): message : 컴파일되는 함수 템플릿 인스턴스화 'std::_Ref_count_obj2<_Ty>::_Ref_count_obj2<VertexUV*,UINT&,unsigned __int64>(VertexUV *&&,UINT &,unsigned __int64 &&)'에 대한 참조를 확인하세요.
          with
          [
              _Ty=VertexBuffer
          ]
C:\Program Files (x86)\Microsoft Visual Studio\2019\Community\VC\Tools\MSVC\14.29.30133\include\memory(2726): message : 컴파일되는 함수 템플릿 인스턴스화 'std::_Ref_count_obj2<_Ty>::_Ref_count_obj2<VertexUV*,UINT&,unsigned __int64>(VertexUV *&&,UINT &,unsigned __int64 &&)'에 대한 참조를 확인하세요.
          with
          [
              _Ty=VertexBuffer
          ]
C:\Users\정동원\OneDrive\바탕 화면\포트폴리오용\Portfolio\Portfolio\Obejct\BagicObject\Quad.cpp(100): message : 컴파일되는 함수 템플릿 인스턴스화 'std::shared_ptr<VertexBuffer> std::make_shared<VertexBuffer,_Ty*,UINT&,unsigned __int64>(_Ty *&&,UINT &,unsigned __int64 &&)'에 대한 참조를 확인하세요.
          with
          [
              _Ty=VertexUV
          ]
  Sprite.cpp
C:\Program Files (x86)\Microsoft Visual Studio\2019\Community\VC\Tools\MSVC\14.29.30133\include\xutility(142,1): warning C4267: '인수': 'size_t'에서 'UINT'(으)로 변환하면서 데이터가 손실될 수 있습니다.
C:\Program Files (x86)\Microsoft Visual Studio\2019\Community\VC\Tools\MSVC\14.29.30133\include\memory(2006): message : 컴파일되는 함수 템플릿 인스턴스화 'void std::_Construct_in_place<_Ty,VertexUV*,UINT&,unsigned __int64>(_Ty &,VertexUV *&&,UINT &,unsigned __int64 &&) noexcept(false)'에 대한 참조를 확인하세요.
          with
          [
              _Ty=VertexBuffer
          ]
C:\Program Files (x86)\Microsoft Visual Studio\2019\Community\VC\Tools\MSVC\14.29.30133\include\memory(2725): message : 컴파일되는 함수 템플릿 인스턴스화 'std::_Ref_count_obj2<_Ty>::_Ref_count_obj2<VertexUV*,UINT&,unsigned __int64>(VertexUV *&&,UINT &,unsigned __int64 &&)'에 대한 참조를 확인하세요.
          with
          [
              _Ty=VertexBuffer
          ]
C:\Program Files (x86)\Microsoft Visual Studio\2019\Community\VC\Tools\MSVC\14.29.30133\include\memory(2726): message : 컴파일되는 함수 템플릿 인스턴스화 'std::_Ref_count_obj2<_Ty>::_Ref_count_obj2<VertexUV*,UINT&,unsigned __int64>(VertexUV *&&,UINT &,unsigned __int64 &&)'에 대한 참조를 확인하세요.
          with
          [
              _Ty=VertexBuffer
          ]
C:\Users\정동원\OneDrive\바탕 화면\포트폴리오용\Portfolio\Portfolio\Obejct\BagicObject\Sprite.cpp(89): message : 컴파일되는 함수 템플릿 인스턴스화 'std::shared_ptr<VertexBuffer> std::make_shared<VertexBuffer,_Ty*,UINT&,unsigned __int64>(_Ty *&&,UINT &,unsigned __int64 &&)'에 대한 참조를 확인하세요.
          with
          [
              _Ty=VertexUV
          ]
  AllCard.cpp
  Card.cpp
  Character.cpp
  HealthBar.cpp
  Ironclad.cpp
  Map1.cpp
  GremlinNob.cpp
C:\Users\정동원\OneDrive\바탕 화면\포트폴리오용\Portfolio\Portfolio\Obejct\Monster\GremlinNob.cpp(53,31): warning C4244: '인수': 'double'에서 'int'(으)로 변환하면서 데이터가 손실될 수 있습니다.
C:\Users\정동원\OneDrive\바탕 화면\포트폴리오용\Portfolio\Portfolio\Obejct\Monster\GremlinNob.cpp(55,31): warning C4244: '인수': 'float'에서 'int'(으)로 변환하면서 데이터가 손실될 수 있습니다.
C:\Users\정동원\OneDrive\바탕 화면\포트폴리오용\Portfolio\Portfolio\Obejct\Monster\GremlinNob.cpp(57,31): warning C4244: '인수': 'double'에서 'int'(으)로 변환하면서 데이터가 손실될 수 있습니다.
C:\Users\정동원\OneDrive\바탕 화면\포트폴리오용\Portfolio\Portfolio\Obejct\Monster\GremlinNob.cpp(67,31): warning C4244: '인수': 'double'에서 'int'(으)로 변환하면서 데이터가 손실될 수 있습니다.
C:\Users\정동원\OneDrive\바탕 화면\포트폴리오용\Portfolio\Portfolio\Obejct\Monster\GremlinNob.cpp(69,31): warning C4244: '인수': 'float'에서 'int'(으)로 변환하면서 데이터가 손실될 수 있습니다.
C:\Users\정동원\OneDrive\바탕 화면\포트폴리오용\Portfolio\Portfolio\Obejct\Monster\GremlinNob.cpp(71,31): warning C4244: '인수': 'double'에서 'int'(으)로 변환하면서 데이터가 손실될 수 있습니다.
  Portfolio.cpp
C:\Users\정동원\OneDrive\바탕 화면\포트폴리오용\Portfolio\Portfolio\Portfolio.cpp(212,37): warning C4244: '=': 'int'에서 'float'(으)로 변환하면서 데이터가 손실될 수 있습니다.
  Program.cpp
  CameraScene.cpp
C:\Users\정동원\OneDrive\바탕 화면\포트폴리오용\Portfolio\Portfolio\Scene\CameraScene.cpp(36,19): warning C4267: '=': 'size_t'에서 'int'(으)로 변환하면서 데이터가 손실될 수 있습니다.
C:\Users\정동원\OneDrive\바탕 화면\포트폴리오용\Portfolio\Portfolio\Scene\CameraScene.cpp(37,3): warning C4267: '초기화 중': 'size_t'에서 'int'(으)로 변환하면서 데이터가 손실될 수 있습니다.
C:\Users\정동원\OneDrive\바탕 화면\포트폴리오용\Portfolio\Portfolio\Scene\CameraScene.cpp(85,25): warning C4267: '=': 'size_t'에서 'int'(으)로 변환하면서 데이터가 손실될 수 있습니다.
C:\Users\정동원\OneDrive\바탕 화면\포트폴리오용\Portfolio\Portfolio\Scene\CameraScene.cpp(177,43): warning C4267: '=': 'size_t'에서 'int'(으)로 변환하면서 데이터가 손실될 수 있습니다.
C:\Users\정동원\OneDrive\바탕 화면\포트폴리오용\Portfolio\Portfolio\Scene\CameraScene.cpp(196,21): warning C4267: '=': 'size_t'에서 'int'(으)로 변환하면서 데이터가 손실될 수 있습니다.
  FilterScene.cpp
  Scene.cpp
  코드를 생성하고 있습니다...
C:\Users\정동원\OneDrive\바탕 화면\포트폴리오용\Portfolio\Portfolio\Framwork\Utillity\KeyBoard.h(39): warning C4715: 'KeyBoard::GetInstance': 모든 제어 경로에서 값을 반환하지는 않습니다.
C:\Users\정동원\OneDrive\바탕 화면\포트폴리오용\Portfolio\Portfolio\Framwork\Utillity\KeyBoard.h(39): warning C4715: 'KeyBoard::GetInstance': 모든 제어 경로에서 값을 반환하지는 않습니다.
C:\Users\정동원\OneDrive\바탕 화면\포트폴리오용\Portfolio\Portfolio\Obejct\BagicObject\EffectManager.h(25): warning C4715: 'EffectManager::GetInstance': 모든 제어 경로에서 값을 반환하지는 않습니다.
C:\Users\정동원\OneDrive\바탕 화면\포트폴리오용\Portfolio\Portfolio\Framwork\Utillity\Timer.h(35): warning C4715: 'Timer::GetInstance': 모든 제어 경로에서 값을 반환하지는 않습니다.
C:\Users\정동원\OneDrive\바탕 화면\포트폴리오용\Portfolio\Portfolio\Framwork\Camera\Camera.h(25): warning C4715: 'Camera::GetInstance': 모든 제어 경로에서 값을 반환하지는 않습니다.
C:\Users\정동원\OneDrive\바탕 화면\포트폴리오용\Portfolio\Portfolio\Framwork\Device\Device.h(27): warning C4715: 'Device::GetInstance': 모든 제어 경로에서 값을 반환하지는 않습니다.
C:\Users\정동원\OneDrive\바탕 화면\포트폴리오용\Portfolio\Portfolio\Framwork\Device\Device.h(27): warning C4715: 'Device::GetInstance': 모든 제어 경로에서 값을 반환하지는 않습니다.
C:\Users\정동원\OneDrive\바탕 화면\포트폴리오용\Portfolio\Portfolio\Framwork\Render\Texture\TextureManager.h(23): warning C4715: 'TextureManager::GetInstance': 모든 제어 경로에서 값을 반환하지는 않습니다.
C:\Users\정동원\OneDrive\바탕 화면\포트폴리오용\Portfolio\Portfolio\Framwork\Device\Device.h(27): warning C4715: 'Device::GetInstance': 모든 제어 경로에서 값을 반환하지는 않습니다.
C:\Users\정동원\OneDrive\바탕 화면\포트폴리오용\Portfolio\Portfolio\Framwork\State\StateManager.h(25): warning C4715: 'StateManager::GetInstance': 모든 제어 경로에서 값을 반환하지는 않습니다.
C:\Users\정동원\OneDrive\바탕 화면\포트폴리오용\Portfolio\Portfolio\Framwork\Render\Texture\TextureManager.h(23): warning C4715: 'TextureManager::GetInstance': 모든 제어 경로에서 값을 반환하지는 않습니다.
C:\Users\정동원\OneDrive\바탕 화면\포트폴리오용\Portfolio\Portfolio\Framwork\Render\Texture\TextureManager.h(23): warning C4715: 'TextureManager::GetInstance': 모든 제어 경로에서 값을 반환하지는 않습니다.
  ColliderScene.cpp
C:\Users\정동원\OneDrive\바탕 화면\포트폴리오용\Portfolio\Portfolio\Scene\ColliderScene.cpp(43,53): warning C4244: '-=': 'double'에서 'float'(으)로 변환하면서 데이터가 손실될 수 있습니다.
C:\Users\정동원\OneDrive\바탕 화면\포트폴리오용\Portfolio\Portfolio\Scene\ColliderScene.cpp(45,53): warning C4244: '+=': 'double'에서 'float'(으)로 변환하면서 데이터가 손실될 수 있습니다.
C:\Users\정동원\OneDrive\바탕 화면\포트폴리오용\Portfolio\Portfolio\Scene\ColliderScene.cpp(48,56): warning C4244: '+=': 'double'에서 'float'(으)로 변환하면서 데이터가 손실될 수 있습니다.
C:\Users\정동원\OneDrive\바탕 화면\포트폴리오용\Portfolio\Portfolio\Scene\ColliderScene.cpp(50,56): warning C4244: '-=': 'double'에서 'float'(으)로 변환하면서 데이터가 손실될 수 있습니다.
C:\Users\정동원\OneDrive\바탕 화면\포트폴리오용\Portfolio\Portfolio\Scene\ColliderScene.cpp(53,56): warning C4244: '+=': 'double'에서 'float'(으)로 변환하면서 데이터가 손실될 수 있습니다.
C:\Users\정동원\OneDrive\바탕 화면\포트폴리오용\Portfolio\Portfolio\Scene\ColliderScene.cpp(55,56): warning C4244: '-=': 'double'에서 'float'(으)로 변환하면서 데이터가 손실될 수 있습니다.
C:\Users\정동원\OneDrive\바탕 화면\포트폴리오용\Portfolio\Portfolio\Scene\ColliderScene.cpp(97,23): warning C4244: '인수': 'double'에서 'const float'(으)로 변환하면서 데이터가 손실될 수 있습니다.
C:\Users\정동원\OneDrive\바탕 화면\포트폴리오용\Portfolio\Portfolio\Framwork\Utillity\Timer.h(35): warning C4715: 'Timer::GetInstance': 모든 제어 경로에서 값을 반환하지는 않습니다.
C:\Users\정동원\OneDrive\바탕 화면\포트폴리오용\Portfolio\Portfolio\Framwork\Utillity\KeyBoard.h(39): warning C4715: 'KeyBoard::GetInstance': 모든 제어 경로에서 값을 반환하지는 않습니다.
  Portfolio.vcxproj -> C:\Users\정동원\OneDrive\바탕 화면\포트폴리오용\Portfolio\x64\Debug\Portfolio.exe
