  compilation object save succeeded; see C:\Users\정동원\OneDrive\바탕 화면\포트폴리오용\Portfolio\Debug\ColliderPixelShader.cso
  compilation object save succeeded; see C:\Users\정동원\OneDrive\바탕 화면\포트폴리오용\Portfolio\Debug\ColliderVertexShader.cso
  compilation object save succeeded; see C:\Users\정동원\OneDrive\바탕 화면\포트폴리오용\Portfolio\Debug\FIlterPS.cso
  compilation object save succeeded; see C:\Users\정동원\OneDrive\바탕 화면\포트폴리오용\Portfolio\Debug\SpritePS.cso
  compilation object save succeeded; see C:\Users\정동원\OneDrive\바탕 화면\포트폴리오용\Portfolio\Debug\SpriteVS.cso
FXC : warning X4717: Effects deprecated for D3DCompiler_47
  
  compilation object save succeeded; see C:\Users\정동원\OneDrive\바탕 화면\포트폴리오용\Portfolio\Debug\TutorialShader.cso
  compilation object save succeeded; see C:\Users\정동원\OneDrive\바탕 화면\포트폴리오용\Portfolio\Debug\WVPPixelShader.cso
  compilation object save succeeded; see C:\Users\정동원\OneDrive\바탕 화면\포트폴리오용\Portfolio\Debug\WVPVertexShader.cso
  framework.cpp
C:\Users\정동원\OneDrive\바탕 화면\포트폴리오용\Portfolio\Portfolio\Framwork\Utillity\Utillity.h(12,17): warning C4244: '인수': '_Elem'에서 'const _Elem'(으)로 변환하면서 데이터가 손실될 수 있습니다.
          with
          [
              _Elem=wchar_t
          ]
          and
          [
              _Elem=char
          ]
C:\Users\정동원\OneDrive\바탕 화면\포트폴리오용\Portfolio\Portfolio\Framwork\UsingCard\UsingCard.h(58,37): warning C4244: '인수': 'double'에서 'int'(으)로 변환하면서 데이터가 손실될 수 있습니다.
C:\Users\정동원\OneDrive\바탕 화면\포트폴리오용\Portfolio\Portfolio\Framwork\UsingCard\UsingCard.h(60,37): warning C4244: '인수': 'float'에서 'int'(으)로 변환하면서 데이터가 손실될 수 있습니다.
C:\Users\정동원\OneDrive\바탕 화면\포트폴리오용\Portfolio\Portfolio\Framwork\UsingCard\UsingCard.h(62,37): warning C4244: '인수': 'double'에서 'int'(으)로 변환하면서 데이터가 손실될 수 있습니다.
C:\Users\정동원\OneDrive\바탕 화면\포트폴리오용\Portfolio\Portfolio\Framwork\UsingCard\UsingCard.h(82,37): warning C4244: '인수': 'double'에서 'int'(으)로 변환하면서 데이터가 손실될 수 있습니다.
C:\Users\정동원\OneDrive\바탕 화면\포트폴리오용\Portfolio\Portfolio\Framwork\UsingCard\UsingCard.h(84,37): warning C4244: '인수': 'float'에서 'int'(으)로 변환하면서 데이터가 손실될 수 있습니다.
C:\Users\정동원\OneDrive\바탕 화면\포트폴리오용\Portfolio\Portfolio\Framwork\UsingCard\UsingCard.h(86,37): warning C4244: '인수': 'double'에서 'int'(으)로 변환하면서 데이터가 손실될 수 있습니다.
C:\Users\정동원\OneDrive\바탕 화면\포트폴리오용\Portfolio\Portfolio\Framwork\UsingCard\UsingCard.h(103,37): warning C4244: '인수': 'double'에서 'int'(으)로 변환하면서 데이터가 손실될 수 있습니다.
C:\Users\정동원\OneDrive\바탕 화면\포트폴리오용\Portfolio\Portfolio\Framwork\UsingCard\UsingCard.h(105,37): warning C4244: '인수': 'float'에서 'int'(으)로 변환하면서 데이터가 손실될 수 있습니다.
C:\Users\정동원\OneDrive\바탕 화면\포트폴리오용\Portfolio\Portfolio\Framwork\UsingCard\UsingCard.h(107,37): warning C4244: '인수': 'double'에서 'int'(으)로 변환하면서 데이터가 손실될 수 있습니다.
C:\Users\정동원\OneDrive\바탕 화면\포트폴리오용\Portfolio\Portfolio\Framwork\UsingCard\UsingCard.h(121,37): warning C4244: '인수': 'double'에서 'int'(으)로 변환하면서 데이터가 손실될 수 있습니다.
C:\Users\정동원\OneDrive\바탕 화면\포트폴리오용\Portfolio\Portfolio\Framwork\UsingCard\UsingCard.h(123,37): warning C4244: '인수': 'float'에서 'int'(으)로 변환하면서 데이터가 손실될 수 있습니다.
C:\Users\정동원\OneDrive\바탕 화면\포트폴리오용\Portfolio\Portfolio\Framwork\UsingCard\UsingCard.h(125,37): warning C4244: '인수': 'double'에서 'int'(으)로 변환하면서 데이터가 손실될 수 있습니다.
C:\Users\정동원\OneDrive\바탕 화면\포트폴리오용\Portfolio\Portfolio\Framwork\UsingCard\UsingCard.h(139,37): warning C4244: '인수': 'double'에서 'int'(으)로 변환하면서 데이터가 손실될 수 있습니다.
C:\Users\정동원\OneDrive\바탕 화면\포트폴리오용\Portfolio\Portfolio\Framwork\UsingCard\UsingCard.h(141,37): warning C4244: '인수': 'float'에서 'int'(으)로 변환하면서 데이터가 손실될 수 있습니다.
C:\Users\정동원\OneDrive\바탕 화면\포트폴리오용\Portfolio\Portfolio\Framwork\UsingCard\UsingCard.h(143,37): warning C4244: '인수': 'double'에서 'int'(으)로 변환하면서 데이터가 손실될 수 있습니다.
C:\Users\정동원\OneDrive\바탕 화면\포트폴리오용\Portfolio\Portfolio\Framwork\UsingCard\UsingCard.h(157,37): warning C4244: '인수': 'double'에서 'int'(으)로 변환하면서 데이터가 손실될 수 있습니다.
C:\Users\정동원\OneDrive\바탕 화면\포트폴리오용\Portfolio\Portfolio\Framwork\UsingCard\UsingCard.h(159,37): warning C4244: '인수': 'float'에서 'int'(으)로 변환하면서 데이터가 손실될 수 있습니다.
C:\Users\정동원\OneDrive\바탕 화면\포트폴리오용\Portfolio\Portfolio\Framwork\UsingCard\UsingCard.h(161,37): warning C4244: '인수': 'double'에서 'int'(으)로 변환하면서 데이터가 손실될 수 있습니다.
C:\Users\정동원\OneDrive\바탕 화면\포트폴리오용\Portfolio\Portfolio\Framwork\UsingCard\UsingCard.h(181,37): warning C4244: '인수': 'double'에서 'int'(으)로 변환하면서 데이터가 손실될 수 있습니다.
C:\Users\정동원\OneDrive\바탕 화면\포트폴리오용\Portfolio\Portfolio\Framwork\UsingCard\UsingCard.h(183,37): warning C4244: '인수': 'float'에서 'int'(으)로 변환하면서 데이터가 손실될 수 있습니다.
C:\Users\정동원\OneDrive\바탕 화면\포트폴리오용\Portfolio\Portfolio\Framwork\UsingCard\UsingCard.h(185,37): warning C4244: '인수': 'double'에서 'int'(으)로 변환하면서 데이터가 손실될 수 있습니다.
C:\Users\정동원\OneDrive\바탕 화면\포트폴리오용\Portfolio\Portfolio\Framwork\UsingCard\UsingCard.h(201,37): warning C4244: '인수': 'double'에서 'int'(으)로 변환하면서 데이터가 손실될 수 있습니다.
C:\Users\정동원\OneDrive\바탕 화면\포트폴리오용\Portfolio\Portfolio\Framwork\UsingCard\UsingCard.h(203,37): warning C4244: '인수': 'float'에서 'int'(으)로 변환하면서 데이터가 손실될 수 있습니다.
C:\Users\정동원\OneDrive\바탕 화면\포트폴리오용\Portfolio\Portfolio\Framwork\UsingCard\UsingCard.h(205,37): warning C4244: '인수': 'double'에서 'int'(으)로 변환하면서 데이터가 손실될 수 있습니다.
C:\Users\정동원\OneDrive\바탕 화면\포트폴리오용\Portfolio\Portfolio\Framwork\UsingCard\UsingCard.h(219,37): warning C4244: '인수': 'double'에서 'int'(으)로 변환하면서 데이터가 손실될 수 있습니다.
C:\Users\정동원\OneDrive\바탕 화면\포트폴리오용\Portfolio\Portfolio\Framwork\UsingCard\UsingCard.h(221,37): warning C4244: '인수': 'float'에서 'int'(으)로 변환하면서 데이터가 손실될 수 있습니다.
C:\Users\정동원\OneDrive\바탕 화면\포트폴리오용\Portfolio\Portfolio\Framwork\UsingCard\UsingCard.h(223,37): warning C4244: '인수': 'double'에서 'int'(으)로 변환하면서 데이터가 손실될 수 있습니다.
C:\Users\정동원\OneDrive\바탕 화면\포트폴리오용\Portfolio\Portfolio\Framwork\UsingCard\UsingCard.h(237,37): warning C4244: '인수': 'double'에서 'int'(으)로 변환하면서 데이터가 손실될 수 있습니다.
C:\Users\정동원\OneDrive\바탕 화면\포트폴리오용\Portfolio\Portfolio\Framwork\UsingCard\UsingCard.h(239,37): warning C4244: '인수': 'float'에서 'int'(으)로 변환하면서 데이터가 손실될 수 있습니다.
C:\Users\정동원\OneDrive\바탕 화면\포트폴리오용\Portfolio\Portfolio\Framwork\UsingCard\UsingCard.h(241,37): warning C4244: '인수': 'double'에서 'int'(으)로 변환하면서 데이터가 손실될 수 있습니다.
C:\Users\정동원\OneDrive\바탕 화면\포트폴리오용\Portfolio\Portfolio\Framwork\UsingCard\UsingCard.h(256,37): warning C4244: '인수': 'double'에서 'int'(으)로 변환하면서 데이터가 손실될 수 있습니다.
C:\Users\정동원\OneDrive\바탕 화면\포트폴리오용\Portfolio\Portfolio\Framwork\UsingCard\UsingCard.h(258,37): warning C4244: '인수': 'float'에서 'int'(으)로 변환하면서 데이터가 손실될 수 있습니다.
C:\Users\정동원\OneDrive\바탕 화면\포트폴리오용\Portfolio\Portfolio\Framwork\UsingCard\UsingCard.h(260,37): warning C4244: '인수': 'double'에서 'int'(으)로 변환하면서 데이터가 손실될 수 있습니다.
C:\Users\정동원\OneDrive\바탕 화면\포트폴리오용\Portfolio\Portfolio\Framwork\UsingCard\UsingCard.h(274,37): warning C4244: '인수': 'double'에서 'int'(으)로 변환하면서 데이터가 손실될 수 있습니다.
C:\Users\정동원\OneDrive\바탕 화면\포트폴리오용\Portfolio\Portfolio\Framwork\UsingCard\UsingCard.h(276,37): warning C4244: '인수': 'float'에서 'int'(으)로 변환하면서 데이터가 손실될 수 있습니다.
C:\Users\정동원\OneDrive\바탕 화면\포트폴리오용\Portfolio\Portfolio\Framwork\UsingCard\UsingCard.h(278,37): warning C4244: '인수': 'double'에서 'int'(으)로 변환하면서 데이터가 손실될 수 있습니다.
C:\Users\정동원\OneDrive\바탕 화면\포트폴리오용\Portfolio\Portfolio\Framwork\UsingCard\UsingCard.h(292,37): warning C4244: '인수': 'double'에서 'int'(으)로 변환하면서 데이터가 손실될 수 있습니다.
C:\Users\정동원\OneDrive\바탕 화면\포트폴리오용\Portfolio\Portfolio\Framwork\UsingCard\UsingCard.h(294,37): warning C4244: '인수': 'float'에서 'int'(으)로 변환하면서 데이터가 손실될 수 있습니다.
C:\Users\정동원\OneDrive\바탕 화면\포트폴리오용\Portfolio\Portfolio\Framwork\UsingCard\UsingCard.h(296,37): warning C4244: '인수': 'double'에서 'int'(으)로 변환하면서 데이터가 손실될 수 있습니다.
C:\Users\정동원\OneDrive\바탕 화면\포트폴리오용\Portfolio\Portfolio\Framwork\UsingCard\UsingCard.h(310,37): warning C4244: '인수': 'double'에서 'int'(으)로 변환하면서 데이터가 손실될 수 있습니다.
C:\Users\정동원\OneDrive\바탕 화면\포트폴리오용\Portfolio\Portfolio\Framwork\UsingCard\UsingCard.h(312,37): warning C4244: '인수': 'float'에서 'int'(으)로 변환하면서 데이터가 손실될 수 있습니다.
C:\Users\정동원\OneDrive\바탕 화면\포트폴리오용\Portfolio\Portfolio\Framwork\UsingCard\UsingCard.h(314,37): warning C4244: '인수': 'double'에서 'int'(으)로 변환하면서 데이터가 손실될 수 있습니다.
C:\Users\정동원\OneDrive\바탕 화면\포트폴리오용\Portfolio\Portfolio\Framwork\UsingCard\UsingCard.h(328,37): warning C4244: '인수': 'double'에서 'int'(으)로 변환하면서 데이터가 손실될 수 있습니다.
C:\Users\정동원\OneDrive\바탕 화면\포트폴리오용\Portfolio\Portfolio\Framwork\UsingCard\UsingCard.h(330,37): warning C4244: '인수': 'float'에서 'int'(으)로 변환하면서 데이터가 손실될 수 있습니다.
C:\Users\정동원\OneDrive\바탕 화면\포트폴리오용\Portfolio\Portfolio\Framwork\UsingCard\UsingCard.h(332,37): warning C4244: '인수': 'double'에서 'int'(으)로 변환하면서 데이터가 손실될 수 있습니다.
C:\Users\정동원\OneDrive\바탕 화면\포트폴리오용\Portfolio\Portfolio\Framwork\UsingCard\UsingCard.h(346,37): warning C4244: '인수': 'double'에서 'int'(으)로 변환하면서 데이터가 손실될 수 있습니다.
C:\Users\정동원\OneDrive\바탕 화면\포트폴리오용\Portfolio\Portfolio\Framwork\UsingCard\UsingCard.h(348,37): warning C4244: '인수': 'float'에서 'int'(으)로 변환하면서 데이터가 손실될 수 있습니다.
C:\Users\정동원\OneDrive\바탕 화면\포트폴리오용\Portfolio\Portfolio\Framwork\UsingCard\UsingCard.h(350,37): warning C4244: '인수': 'double'에서 'int'(으)로 변환하면서 데이터가 손실될 수 있습니다.
C:\Users\정동원\OneDrive\바탕 화면\포트폴리오용\Portfolio\Portfolio\Framwork\UsingCard\UsingCard.h(364,37): warning C4244: '인수': 'double'에서 'int'(으)로 변환하면서 데이터가 손실될 수 있습니다.
C:\Users\정동원\OneDrive\바탕 화면\포트폴리오용\Portfolio\Portfolio\Framwork\UsingCard\UsingCard.h(366,37): warning C4244: '인수': 'float'에서 'int'(으)로 변환하면서 데이터가 손실될 수 있습니다.
C:\Users\정동원\OneDrive\바탕 화면\포트폴리오용\Portfolio\Portfolio\Framwork\UsingCard\UsingCard.h(368,37): warning C4244: '인수': 'double'에서 'int'(으)로 변환하면서 데이터가 손실될 수 있습니다.
C:\Users\정동원\OneDrive\바탕 화면\포트폴리오용\Portfolio\Portfolio\Framwork\UsingCard\UsingCard.h(382,37): warning C4244: '인수': 'double'에서 'int'(으)로 변환하면서 데이터가 손실될 수 있습니다.
C:\Users\정동원\OneDrive\바탕 화면\포트폴리오용\Portfolio\Portfolio\Framwork\UsingCard\UsingCard.h(384,37): warning C4244: '인수': 'float'에서 'int'(으)로 변환하면서 데이터가 손실될 수 있습니다.
C:\Users\정동원\OneDrive\바탕 화면\포트폴리오용\Portfolio\Portfolio\Framwork\UsingCard\UsingCard.h(386,37): warning C4244: '인수': 'double'에서 'int'(으)로 변환하면서 데이터가 손실될 수 있습니다.
C:\Users\정동원\OneDrive\바탕 화면\포트폴리오용\Portfolio\Portfolio\Framwork\UsingCard\UsingCard.h(400,37): warning C4244: '인수': 'double'에서 'int'(으)로 변환하면서 데이터가 손실될 수 있습니다.
C:\Users\정동원\OneDrive\바탕 화면\포트폴리오용\Portfolio\Portfolio\Framwork\UsingCard\UsingCard.h(402,37): warning C4244: '인수': 'float'에서 'int'(으)로 변환하면서 데이터가 손실될 수 있습니다.
C:\Users\정동원\OneDrive\바탕 화면\포트폴리오용\Portfolio\Portfolio\Framwork\UsingCard\UsingCard.h(404,37): warning C4244: '인수': 'double'에서 'int'(으)로 변환하면서 데이터가 손실될 수 있습니다.
C:\Users\정동원\OneDrive\바탕 화면\포트폴리오용\Portfolio\Portfolio\Framwork\UsingCard\UsingCard.h(418,37): warning C4244: '인수': 'double'에서 'int'(으)로 변환하면서 데이터가 손실될 수 있습니다.
C:\Users\정동원\OneDrive\바탕 화면\포트폴리오용\Portfolio\Portfolio\Framwork\UsingCard\UsingCard.h(420,37): warning C4244: '인수': 'float'에서 'int'(으)로 변환하면서 데이터가 손실될 수 있습니다.
C:\Users\정동원\OneDrive\바탕 화면\포트폴리오용\Portfolio\Portfolio\Framwork\UsingCard\UsingCard.h(422,37): warning C4244: '인수': 'double'에서 'int'(으)로 변환하면서 데이터가 손실될 수 있습니다.
C:\Users\정동원\OneDrive\바탕 화면\포트폴리오용\Portfolio\Portfolio\Framwork\UsingCard\UsingCard.h(436,37): warning C4244: '인수': 'double'에서 'int'(으)로 변환하면서 데이터가 손실될 수 있습니다.
C:\Users\정동원\OneDrive\바탕 화면\포트폴리오용\Portfolio\Portfolio\Framwork\UsingCard\UsingCard.h(438,37): warning C4244: '인수': 'float'에서 'int'(으)로 변환하면서 데이터가 손실될 수 있습니다.
C:\Users\정동원\OneDrive\바탕 화면\포트폴리오용\Portfolio\Portfolio\Framwork\UsingCard\UsingCard.h(440,37): warning C4244: '인수': 'double'에서 'int'(으)로 변환하면서 데이터가 손실될 수 있습니다.
C:\Users\정동원\OneDrive\바탕 화면\포트폴리오용\Portfolio\Portfolio\Framwork\UsingCard\UsingCard.h(454,37): warning C4244: '인수': 'double'에서 'int'(으)로 변환하면서 데이터가 손실될 수 있습니다.
C:\Users\정동원\OneDrive\바탕 화면\포트폴리오용\Portfolio\Portfolio\Framwork\UsingCard\UsingCard.h(456,37): warning C4244: '인수': 'float'에서 'int'(으)로 변환하면서 데이터가 손실될 수 있습니다.
C:\Users\정동원\OneDrive\바탕 화면\포트폴리오용\Portfolio\Portfolio\Framwork\UsingCard\UsingCard.h(458,37): warning C4244: '인수': 'double'에서 'int'(으)로 변환하면서 데이터가 손실될 수 있습니다.
C:\Users\정동원\OneDrive\바탕 화면\포트폴리오용\Portfolio\Portfolio\Framwork\UsingCard\UsingCard.h(472,37): warning C4244: '인수': 'double'에서 'int'(으)로 변환하면서 데이터가 손실될 수 있습니다.
C:\Users\정동원\OneDrive\바탕 화면\포트폴리오용\Portfolio\Portfolio\Framwork\UsingCard\UsingCard.h(474,37): warning C4244: '인수': 'float'에서 'int'(으)로 변환하면서 데이터가 손실될 수 있습니다.
C:\Users\정동원\OneDrive\바탕 화면\포트폴리오용\Portfolio\Portfolio\Framwork\UsingCard\UsingCard.h(476,37): warning C4244: '인수': 'double'에서 'int'(으)로 변환하면서 데이터가 손실될 수 있습니다.
C:\Users\정동원\OneDrive\바탕 화면\포트폴리오용\Portfolio\Portfolio\Framwork\UsingCard\UsingCard.h(490,37): warning C4244: '인수': 'double'에서 'int'(으)로 변환하면서 데이터가 손실될 수 있습니다.
C:\Users\정동원\OneDrive\바탕 화면\포트폴리오용\Portfolio\Portfolio\Framwork\UsingCard\UsingCard.h(492,37): warning C4244: '인수': 'float'에서 'int'(으)로 변환하면서 데이터가 손실될 수 있습니다.
C:\Users\정동원\OneDrive\바탕 화면\포트폴리오용\Portfolio\Portfolio\Framwork\UsingCard\UsingCard.h(494,37): warning C4244: '인수': 'double'에서 'int'(으)로 변환하면서 데이터가 손실될 수 있습니다.
C:\Users\정동원\OneDrive\바탕 화면\포트폴리오용\Portfolio\Portfolio\Framwork\UsingCard\UsingCard.h(508,37): warning C4244: '인수': 'double'에서 'int'(으)로 변환하면서 데이터가 손실될 수 있습니다.
C:\Users\정동원\OneDrive\바탕 화면\포트폴리오용\Portfolio\Portfolio\Framwork\UsingCard\UsingCard.h(510,37): warning C4244: '인수': 'float'에서 'int'(으)로 변환하면서 데이터가 손실될 수 있습니다.
C:\Users\정동원\OneDrive\바탕 화면\포트폴리오용\Portfolio\Portfolio\Framwork\UsingCard\UsingCard.h(512,37): warning C4244: '인수': 'double'에서 'int'(으)로 변환하면서 데이터가 손실될 수 있습니다.
C:\Users\정동원\OneDrive\바탕 화면\포트폴리오용\Portfolio\Portfolio\Framwork\UsingCard\UsingCard.h(526,37): warning C4244: '인수': 'double'에서 'int'(으)로 변환하면서 데이터가 손실될 수 있습니다.
C:\Users\정동원\OneDrive\바탕 화면\포트폴리오용\Portfolio\Portfolio\Framwork\UsingCard\UsingCard.h(528,37): warning C4244: '인수': 'float'에서 'int'(으)로 변환하면서 데이터가 손실될 수 있습니다.
C:\Users\정동원\OneDrive\바탕 화면\포트폴리오용\Portfolio\Portfolio\Framwork\UsingCard\UsingCard.h(530,37): warning C4244: '인수': 'double'에서 'int'(으)로 변환하면서 데이터가 손실될 수 있습니다.
C:\Users\정동원\OneDrive\바탕 화면\포트폴리오용\Portfolio\Portfolio\Framwork\UsingCard\UsingCard.h(544,37): warning C4244: '인수': 'double'에서 'int'(으)로 변환하면서 데이터가 손실될 수 있습니다.
C:\Users\정동원\OneDrive\바탕 화면\포트폴리오용\Portfolio\Portfolio\Framwork\UsingCard\UsingCard.h(546,37): warning C4244: '인수': 'float'에서 'int'(으)로 변환하면서 데이터가 손실될 수 있습니다.
C:\Users\정동원\OneDrive\바탕 화면\포트폴리오용\Portfolio\Portfolio\Framwork\UsingCard\UsingCard.h(548,37): warning C4244: '인수': 'double'에서 'int'(으)로 변환하면서 데이터가 손실될 수 있습니다.
C:\Users\정동원\OneDrive\바탕 화면\포트폴리오용\Portfolio\Portfolio\Framwork\UsingCard\UsingCard.h(562,37): warning C4244: '인수': 'double'에서 'int'(으)로 변환하면서 데이터가 손실될 수 있습니다.
C:\Users\정동원\OneDrive\바탕 화면\포트폴리오용\Portfolio\Portfolio\Framwork\UsingCard\UsingCard.h(564,37): warning C4244: '인수': 'float'에서 'int'(으)로 변환하면서 데이터가 손실될 수 있습니다.
C:\Users\정동원\OneDrive\바탕 화면\포트폴리오용\Portfolio\Portfolio\Framwork\UsingCard\UsingCard.h(566,37): warning C4244: '인수': 'double'에서 'int'(으)로 변환하면서 데이터가 손실될 수 있습니다.
C:\Users\정동원\OneDrive\바탕 화면\포트폴리오용\Portfolio\Portfolio\Framwork\UsingCard\UsingCard.h(580,37): warning C4244: '인수': 'double'에서 'int'(으)로 변환하면서 데이터가 손실될 수 있습니다.
C:\Users\정동원\OneDrive\바탕 화면\포트폴리오용\Portfolio\Portfolio\Framwork\UsingCard\UsingCard.h(582,37): warning C4244: '인수': 'float'에서 'int'(으)로 변환하면서 데이터가 손실될 수 있습니다.
C:\Users\정동원\OneDrive\바탕 화면\포트폴리오용\Portfolio\Portfolio\Framwork\UsingCard\UsingCard.h(584,37): warning C4244: '인수': 'double'에서 'int'(으)로 변환하면서 데이터가 손실될 수 있습니다.
C:\Users\정동원\OneDrive\바탕 화면\포트폴리오용\Portfolio\Portfolio\Framwork\UsingCard\UsingCard.h(598,37): warning C4244: '인수': 'double'에서 'int'(으)로 변환하면서 데이터가 손실될 수 있습니다.
C:\Users\정동원\OneDrive\바탕 화면\포트폴리오용\Portfolio\Portfolio\Framwork\UsingCard\UsingCard.h(600,37): warning C4244: '인수': 'float'에서 'int'(으)로 변환하면서 데이터가 손실될 수 있습니다.
C:\Users\정동원\OneDrive\바탕 화면\포트폴리오용\Portfolio\Portfolio\Framwork\UsingCard\UsingCard.h(602,37): warning C4244: '인수': 'double'에서 'int'(으)로 변환하면서 데이터가 손실될 수 있습니다.
C:\Users\정동원\OneDrive\바탕 화면\포트폴리오용\Portfolio\Portfolio\Framwork\UsingCard\UsingCard.h(616,37): warning C4244: '인수': 'double'에서 'int'(으)로 변환하면서 데이터가 손실될 수 있습니다.
C:\Users\정동원\OneDrive\바탕 화면\포트폴리오용\Portfolio\Portfolio\Framwork\UsingCard\UsingCard.h(618,37): warning C4244: '인수': 'float'에서 'int'(으)로 변환하면서 데이터가 손실될 수 있습니다.
C:\Users\정동원\OneDrive\바탕 화면\포트폴리오용\Portfolio\Portfolio\Framwork\UsingCard\UsingCard.h(620,37): warning C4244: '인수': 'double'에서 'int'(으)로 변환하면서 데이터가 손실될 수 있습니다.
C:\Users\정동원\OneDrive\바탕 화면\포트폴리오용\Portfolio\Portfolio\Framwork\UsingCard\UsingCard.h(634,37): warning C4244: '인수': 'double'에서 'int'(으)로 변환하면서 데이터가 손실될 수 있습니다.
C:\Users\정동원\OneDrive\바탕 화면\포트폴리오용\Portfolio\Portfolio\Framwork\UsingCard\UsingCard.h(636,37): warning C4244: '인수': 'float'에서 'int'(으)로 변환하면서 데이터가 손실될 수 있습니다.
C:\Users\정동원\OneDrive\바탕 화면\포트폴리오용\Portfolio\Portfolio\Framwork\UsingCard\UsingCard.h(638,37): warning C4244: '인수': 'double'에서 'int'(으)로 변환하면서 데이터가 손실될 수 있습니다.
  DXWrite.cpp
C:\Users\정동원\OneDrive\바탕 화면\포트폴리오용\Portfolio\Portfolio\Framwork\Utillity\DXWrite.cpp(106,19): warning C4244: '=': 'LONG'에서 'FLOAT'(으)로 변환하면서 데이터가 손실될 수 있습니다.
C:\Users\정동원\OneDrive\바탕 화면\포트폴리오용\Portfolio\Portfolio\Framwork\Utillity\DXWrite.cpp(107,20): warning C4244: '=': 'LONG'에서 'FLOAT'(으)로 변환하면서 데이터가 손실될 수 있습니다.
C:\Users\정동원\OneDrive\바탕 화면\포트폴리오용\Portfolio\Portfolio\Framwork\Utillity\DXWrite.cpp(108,18): warning C4244: '=': 'LONG'에서 'FLOAT'(으)로 변환하면서 데이터가 손실될 수 있습니다.
C:\Users\정동원\OneDrive\바탕 화면\포트폴리오용\Portfolio\Portfolio\Framwork\Utillity\DXWrite.cpp(109,21): warning C4244: '=': 'LONG'에서 'FLOAT'(으)로 변환하면서 데이터가 손실될 수 있습니다.
  HealthBar.cpp
C:\Program Files (x86)\Microsoft Visual Studio\2019\Community\VC\Tools\MSVC\14.29.30133\include\memory(2725,1): warning C4316: 'std::_Ref_count_obj2<_Ty>': 힙에 할당된 개체가 16에 맞추어져 있지 않을 수도 있습니다
          with
          [
              _Ty=Transform
          ]
C:\Users\정동원\OneDrive\바탕 화면\포트폴리오용\Portfolio\Portfolio\Obejct\HealthBar\HealthBar.cpp(64): message : 컴파일되는 함수 템플릿 인스턴스화 'std::shared_ptr<Transform> std::make_shared<Transform,>(void)'에 대한 참조를 확인하세요.
  Character.cpp
  GremlinNob.cpp
C:\Users\정동원\OneDrive\바탕 화면\포트폴리오용\Portfolio\Portfolio\Obejct\Monster\GremlinNob.cpp(53,31): warning C4244: '인수': 'double'에서 'int'(으)로 변환하면서 데이터가 손실될 수 있습니다.
C:\Users\정동원\OneDrive\바탕 화면\포트폴리오용\Portfolio\Portfolio\Obejct\Monster\GremlinNob.cpp(55,31): warning C4244: '인수': 'float'에서 'int'(으)로 변환하면서 데이터가 손실될 수 있습니다.
C:\Users\정동원\OneDrive\바탕 화면\포트폴리오용\Portfolio\Portfolio\Obejct\Monster\GremlinNob.cpp(57,31): warning C4244: '인수': 'double'에서 'int'(으)로 변환하면서 데이터가 손실될 수 있습니다.
C:\Users\정동원\OneDrive\바탕 화면\포트폴리오용\Portfolio\Portfolio\Obejct\Monster\GremlinNob.cpp(67,31): warning C4244: '인수': 'double'에서 'int'(으)로 변환하면서 데이터가 손실될 수 있습니다.
C:\Users\정동원\OneDrive\바탕 화면\포트폴리오용\Portfolio\Portfolio\Obejct\Monster\GremlinNob.cpp(69,31): warning C4244: '인수': 'float'에서 'int'(으)로 변환하면서 데이터가 손실될 수 있습니다.
C:\Users\정동원\OneDrive\바탕 화면\포트폴리오용\Portfolio\Portfolio\Obejct\Monster\GremlinNob.cpp(71,31): warning C4244: '인수': 'double'에서 'int'(으)로 변환하면서 데이터가 손실될 수 있습니다.
  AllCard.cpp
  Card.cpp
  Ironclad.cpp
C:\Users\정동원\OneDrive\바탕 화면\포트폴리오용\Portfolio\Portfolio\Obejct\Ironclad\Ironclad.cpp(52,17): warning C4838: 'float'에서 'LONG'(으)로의 변환에는 축소 변환이 필요합니다.
C:\Users\정동원\OneDrive\바탕 화면\포트폴리오용\Portfolio\Portfolio\Obejct\Ironclad\Ironclad.cpp(52,17): warning C4244: '초기화 중': 'float'에서 'LONG'(으)로 변환하면서 데이터가 손실될 수 있습니다.
C:\Users\정동원\OneDrive\바탕 화면\포트폴리오용\Portfolio\Portfolio\Obejct\Ironclad\Ironclad.cpp(52,23): warning C4838: 'float'에서 'LONG'(으)로의 변환에는 축소 변환이 필요합니다.
C:\Users\정동원\OneDrive\바탕 화면\포트폴리오용\Portfolio\Portfolio\Obejct\Ironclad\Ironclad.cpp(52,23): warning C4244: '초기화 중': 'float'에서 'LONG'(으)로 변환하면서 데이터가 손실될 수 있습니다.
C:\Users\정동원\OneDrive\바탕 화면\포트폴리오용\Portfolio\Portfolio\Obejct\Ironclad\Ironclad.cpp(52,28): warning C4838: 'float'에서 'LONG'(으)로의 변환에는 축소 변환이 필요합니다.
C:\Users\정동원\OneDrive\바탕 화면\포트폴리오용\Portfolio\Portfolio\Obejct\Ironclad\Ironclad.cpp(52,28): warning C4244: '초기화 중': 'float'에서 'LONG'(으)로 변환하면서 데이터가 손실될 수 있습니다.
C:\Users\정동원\OneDrive\바탕 화면\포트폴리오용\Portfolio\Portfolio\Obejct\Ironclad\Ironclad.cpp(52,35): warning C4838: 'float'에서 'LONG'(으)로의 변환에는 축소 변환이 필요합니다.
C:\Users\정동원\OneDrive\바탕 화면\포트폴리오용\Portfolio\Portfolio\Obejct\Ironclad\Ironclad.cpp(52,35): warning C4244: '초기화 중': 'float'에서 'LONG'(으)로 변환하면서 데이터가 손실될 수 있습니다.
  Effect.cpp
  EffectManager.cpp
C:\Users\정동원\OneDrive\바탕 화면\포트폴리오용\Portfolio\Portfolio\Obejct\BagicObject\EffectManager.cpp(26,15): warning C4018: '<': signed 또는 unsigned가 일치하지 않습니다.
  Camera.cpp
C:\Users\정동원\OneDrive\바탕 화면\포트폴리오용\Portfolio\Portfolio\Framwork\Camera\Camera.cpp(43,13): warning C4244: '=': 'UINT'에서 'FLOAT'(으)로 변환하면서 데이터가 손실될 수 있습니다.
C:\Users\정동원\OneDrive\바탕 화면\포트폴리오용\Portfolio\Portfolio\Framwork\Camera\Camera.cpp(44,14): warning C4244: '=': 'UINT'에서 'FLOAT'(으)로 변환하면서 데이터가 손실될 수 있습니다.
C:\Users\정동원\OneDrive\바탕 화면\포트폴리오용\Portfolio\Portfolio\Framwork\Camera\Camera.cpp(55,87): warning C4244: '인수': 'UINT'에서 'float'(으)로 변환하면서 데이터가 손실될 수 있습니다.
C:\Users\정동원\OneDrive\바탕 화면\포트폴리오용\Portfolio\Portfolio\Framwork\Camera\Camera.cpp(55,68): warning C4244: '인수': 'UINT'에서 'float'(으)로 변환하면서 데이터가 손실될 수 있습니다.
C:\Users\정동원\OneDrive\바탕 화면\포트폴리오용\Portfolio\Portfolio\Framwork\Camera\Camera.cpp(74,48): warning C4244: '-=': 'double'에서 'float'(으)로 변환하면서 데이터가 손실될 수 있습니다.
C:\Users\정동원\OneDrive\바탕 화면\포트폴리오용\Portfolio\Portfolio\Framwork\Camera\Camera.cpp(76,48): warning C4244: '+=': 'double'에서 'float'(으)로 변환하면서 데이터가 손실될 수 있습니다.
C:\Users\정동원\OneDrive\바탕 화면\포트폴리오용\Portfolio\Portfolio\Framwork\Camera\Camera.cpp(78,48): warning C4244: '+=': 'double'에서 'float'(으)로 변환하면서 데이터가 손실될 수 있습니다.
C:\Users\정동원\OneDrive\바탕 화면\포트폴리오용\Portfolio\Portfolio\Framwork\Camera\Camera.cpp(80,48): warning C4244: '-=': 'double'에서 'float'(으)로 변환하면서 데이터가 손실될 수 있습니다.
C:\Users\정동원\OneDrive\바탕 화면\포트폴리오용\Portfolio\Portfolio\Framwork\Camera\Camera.cpp(99,25): warning C4244: '인수': 'double'에서 'const float'(으)로 변환하면서 데이터가 손실될 수 있습니다.
C:\Users\정동원\OneDrive\바탕 화면\포트폴리오용\Portfolio\Portfolio\Framwork\Camera\Camera.cpp(107,24): warning C4244: '-=': 'double'에서 'float'(으)로 변환하면서 데이터가 손실될 수 있습니다.
C:\Users\정동원\OneDrive\바탕 화면\포트폴리오용\Portfolio\Portfolio\Framwork\Camera\Camera.cpp(108,42): warning C4244: '-=': 'double'에서 'float'(으)로 변환하면서 데이터가 손실될 수 있습니다.
C:\Program Files (x86)\Microsoft Visual Studio\2019\Community\VC\Tools\MSVC\14.29.30133\include\memory(2725,1): warning C4316: 'std::_Ref_count_obj2<_Ty>': 힙에 할당된 개체가 16에 맞추어져 있지 않을 수도 있습니다
          with
          [
              _Ty=Transform
          ]
C:\Users\정동원\OneDrive\바탕 화면\포트폴리오용\Portfolio\Portfolio\Framwork\Camera\Camera.cpp(8): message : 컴파일되는 함수 템플릿 인스턴스화 'std::shared_ptr<Transform> std::make_shared<Transform,>(void)'에 대한 참조를 확인하세요.
C:\Program Files (x86)\Microsoft Visual Studio\2019\Community\VC\Tools\MSVC\14.29.30133\include\memory(2725,1): warning C4316: 'std::_Ref_count_obj2<_Ty>': 힙에 할당된 개체가 16에 맞추어져 있지 않을 수도 있습니다
          with
          [
              _Ty=MatrixBuffer
          ]
C:\Users\정동원\OneDrive\바탕 화면\포트폴리오용\Portfolio\Portfolio\Framwork\Camera\Camera.cpp(9): message : 컴파일되는 함수 템플릿 인스턴스화 'std::shared_ptr<MatrixBuffer> std::make_shared<MatrixBuffer,>(void)'에 대한 참조를 확인하세요.
  CameraScene.cpp
C:\Users\정동원\OneDrive\바탕 화면\포트폴리오용\Portfolio\Portfolio\Scene\CameraScene.cpp(9,20): warning C4018: '<': signed 또는 unsigned가 일치하지 않습니다.
C:\Users\정동원\OneDrive\바탕 화면\포트폴리오용\Portfolio\Portfolio\Scene\CameraScene.cpp(30,21): warning C4018: '<': signed 또는 unsigned가 일치하지 않습니다.
C:\Users\정동원\OneDrive\바탕 화면\포트폴리오용\Portfolio\Portfolio\Scene\CameraScene.cpp(77,13): warning C4018: '<': signed 또는 unsigned가 일치하지 않습니다.
C:\Users\정동원\OneDrive\바탕 화면\포트폴리오용\Portfolio\Portfolio\Scene\CameraScene.cpp(95,22): warning C4018: '<': signed 또는 unsigned가 일치하지 않습니다.
C:\Users\정동원\OneDrive\바탕 화면\포트폴리오용\Portfolio\Portfolio\Scene\CameraScene.cpp(121,20): warning C4018: '<': signed 또는 unsigned가 일치하지 않습니다.
C:\Users\정동원\OneDrive\바탕 화면\포트폴리오용\Portfolio\Portfolio\Scene\CameraScene.cpp(176,40): warning C4018: '<': signed 또는 unsigned가 일치하지 않습니다.
C:\Users\정동원\OneDrive\바탕 화면\포트폴리오용\Portfolio\Portfolio\Scene\CameraScene.cpp(183,22): warning C4018: '<': signed 또는 unsigned가 일치하지 않습니다.
C:\Users\정동원\OneDrive\바탕 화면\포트폴리오용\Portfolio\Portfolio\Scene\CameraScene.cpp(189,21): warning C4018: '<': signed 또는 unsigned가 일치하지 않습니다.
C:\Users\정동원\OneDrive\바탕 화면\포트폴리오용\Portfolio\Portfolio\Scene\CameraScene.cpp(191,22): warning C4018: '<': signed 또는 unsigned가 일치하지 않습니다.
C:\Users\정동원\OneDrive\바탕 화면\포트폴리오용\Portfolio\Portfolio\Scene\CameraScene.cpp(199,22): warning C4018: '<': signed 또는 unsigned가 일치하지 않습니다.
C:\Users\정동원\OneDrive\바탕 화면\포트폴리오용\Portfolio\Portfolio\Scene\CameraScene.cpp(208,20): warning C4018: '<': signed 또는 unsigned가 일치하지 않습니다.
  FilterScene.cpp
  Action.cpp
C:\Users\정동원\OneDrive\바탕 화면\포트폴리오용\Portfolio\Portfolio\Framwork\Action\Action.cpp(24,20): warning C4244: '+=': 'double'에서 'float'(으)로 변환하면서 데이터가 손실될 수 있습니다.
  CircleCollider.cpp
C:\Users\정동원\OneDrive\바탕 화면\포트폴리오용\Portfolio\Portfolio\Framwork\Collider\CircleCollider.cpp(42,11): warning C4244: '초기화 중': 'double'에서 'float'(으)로 변환하면서 데이터가 손실될 수 있습니다.
C:\Users\정동원\OneDrive\바탕 화면\포트폴리오용\Portfolio\Portfolio\Framwork\Collider\CircleCollider.cpp(43,11): warning C4244: '초기화 중': 'double'에서 'float'(으)로 변환하면서 데이터가 손실될 수 있습니다.
  Collider.cpp
C:\Program Files (x86)\Microsoft Visual Studio\2019\Community\VC\Tools\MSVC\14.29.30133\include\memory(2725,1): warning C4316: 'std::_Ref_count_obj2<_Ty>': 힙에 할당된 개체가 16에 맞추어져 있지 않을 수도 있습니다
          with
          [
              _Ty=Transform
          ]
C:\Users\정동원\OneDrive\바탕 화면\포트폴리오용\Portfolio\Portfolio\Framwork\Collider\Collider.cpp(66): message : 컴파일되는 함수 템플릿 인스턴스화 'std::shared_ptr<Transform> std::make_shared<Transform,>(void)'에 대한 참조를 확인하세요.
  RectCollider.cpp
  BlendState.cpp
  ConstantBuffer.cpp
  Device.cpp
  Portfolio.cpp
C:\Users\정동원\OneDrive\바탕 화면\포트폴리오용\Portfolio\Portfolio\Portfolio.cpp(212,37): warning C4244: '=': 'int'에서 'float'(으)로 변환하면서 데이터가 손실될 수 있습니다.
  코드를 생성하고 있습니다...
C:\Users\정동원\OneDrive\바탕 화면\포트폴리오용\Portfolio\Portfolio\Framwork\Device\Device.h(27): warning C4715: 'Device::GetInstance': 모든 제어 경로에서 값을 반환하지는 않습니다.
C:\Users\정동원\OneDrive\바탕 화면\포트폴리오용\Portfolio\Portfolio\Framwork\Device\Device.h(27): warning C4715: 'Device::GetInstance': 모든 제어 경로에서 값을 반환하지는 않습니다.
C:\Users\정동원\OneDrive\바탕 화면\포트폴리오용\Portfolio\Portfolio\Framwork\Device\Device.h(27): warning C4715: 'Device::GetInstance': 모든 제어 경로에서 값을 반환하지는 않습니다.
C:\Users\정동원\OneDrive\바탕 화면\포트폴리오용\Portfolio\Portfolio\Framwork\Device\Device.h(27): warning C4715: 'Device::GetInstance': 모든 제어 경로에서 값을 반환하지는 않습니다.
C:\Users\정동원\OneDrive\바탕 화면\포트폴리오용\Portfolio\Portfolio\Framwork\Utillity\Timer.h(35): warning C4715: 'Timer::GetInstance': 모든 제어 경로에서 값을 반환하지는 않습니다.
C:\Users\정동원\OneDrive\바탕 화면\포트폴리오용\Portfolio\Portfolio\Framwork\Utillity\KeyBoard.h(39): warning C4715: 'KeyBoard::GetInstance': 모든 제어 경로에서 값을 반환하지는 않습니다.
C:\Users\정동원\OneDrive\바탕 화면\포트폴리오용\Portfolio\Portfolio\Framwork\Utillity\KeyBoard.h(39): warning C4715: 'KeyBoard::GetInstance': 모든 제어 경로에서 값을 반환하지는 않습니다.
C:\Users\정동원\OneDrive\바탕 화면\포트폴리오용\Portfolio\Portfolio\Framwork\Device\Device.h(27): warning C4715: 'Device::GetInstance': 모든 제어 경로에서 값을 반환하지는 않습니다.
C:\Users\정동원\OneDrive\바탕 화면\포트폴리오용\Portfolio\Portfolio\Framwork\Utillity\Timer.h(35): warning C4715: 'Timer::GetInstance': 모든 제어 경로에서 값을 반환하지는 않습니다.
C:\Users\정동원\OneDrive\바탕 화면\포트폴리오용\Portfolio\Portfolio\Framwork\Render\Texture\TextureManager.h(23): warning C4715: 'TextureManager::GetInstance': 모든 제어 경로에서 값을 반환하지는 않습니다.
C:\Users\정동원\OneDrive\바탕 화면\포트폴리오용\Portfolio\Portfolio\Framwork\Utillity\DXWrite.h(62): warning C4715: 'DXWrite::GetInstance': 모든 제어 경로에서 값을 반환하지는 않습니다.
C:\Users\정동원\OneDrive\바탕 화면\포트폴리오용\Portfolio\Portfolio\Framwork\Device\Device.h(27): warning C4715: 'Device::GetInstance': 모든 제어 경로에서 값을 반환하지는 않습니다.
C:\Users\정동원\OneDrive\바탕 화면\포트폴리오용\Portfolio\Portfolio\Framwork\Device\Device.h(27): warning C4715: 'Device::GetInstance': 모든 제어 경로에서 값을 반환하지는 않습니다.
  컴파일하고 있습니다...
  VertexBuffer.cpp
  VertexShader.cpp
  PixelShader.cpp
  SRV.cpp
C:\Users\정동원\OneDrive\바탕 화면\포트폴리오용\Portfolio\Portfolio\Framwork\Render\Texture\SRV.cpp(28,68): warning C4244: '인수': 'const size_t'에서 'float'(으)로 변환하면서 데이터가 손실될 수 있습니다.
C:\Users\정동원\OneDrive\바탕 화면\포트폴리오용\Portfolio\Portfolio\Framwork\Render\Texture\SRV.cpp(28,40): warning C4244: '인수': 'const size_t'에서 'float'(으)로 변환하면서 데이터가 손실될 수 있습니다.
  SamplerState.cpp
  IndexBuffer.cpp
  KeyBoard.cpp
  Quad.cpp
C:\Program Files (x86)\Microsoft Visual Studio\2019\Community\VC\Tools\MSVC\14.29.30133\include\memory(2725,1): warning C4316: 'std::_Ref_count_obj2<_Ty>': 힙에 할당된 개체가 16에 맞추어져 있지 않을 수도 있습니다
          with
          [
              _Ty=Transform
          ]
C:\Users\정동원\OneDrive\바탕 화면\포트폴리오용\Portfolio\Portfolio\Obejct\BagicObject\Quad.cpp(10): message : 컴파일되는 함수 템플릿 인스턴스화 'std::shared_ptr<Transform> std::make_shared<Transform,>(void)'에 대한 참조를 확인하세요.
  Program.cpp
  Scene.cpp
  Timer.cpp
  StateManager.cpp
  TextureManager.cpp
  Transform.cpp
C:\Program Files (x86)\Microsoft Visual Studio\2019\Community\VC\Tools\MSVC\14.29.30133\include\memory(2725,1): warning C4316: 'std::_Ref_count_obj2<_Ty>': 힙에 할당된 개체가 16에 맞추어져 있지 않을 수도 있습니다
          with
          [
              _Ty=MatrixBuffer
          ]
C:\Users\정동원\OneDrive\바탕 화면\포트폴리오용\Portfolio\Portfolio\Framwork\Math\Transform.cpp(9): message : 컴파일되는 함수 템플릿 인스턴스화 'std::shared_ptr<MatrixBuffer> std::make_shared<MatrixBuffer,>(void)'에 대한 참조를 확인하세요.
  Vector2.cpp
  Sprite.cpp
C:\Program Files (x86)\Microsoft Visual Studio\2019\Community\VC\Tools\MSVC\14.29.30133\include\memory(2725,1): warning C4316: 'std::_Ref_count_obj2<_Ty>': 힙에 할당된 개체가 16에 맞추어져 있지 않을 수도 있습니다
          with
          [
              _Ty=Transform
          ]
C:\Users\정동원\OneDrive\바탕 화면\포트폴리오용\Portfolio\Portfolio\Obejct\BagicObject\Sprite.cpp(11): message : 컴파일되는 함수 템플릿 인스턴스화 'std::shared_ptr<Transform> std::make_shared<Transform,>(void)'에 대한 참조를 확인하세요.
  Utillity.cpp
  UsingCard.cpp
  코드를 생성하고 있습니다...
C:\Users\정동원\OneDrive\바탕 화면\포트폴리오용\Portfolio\Portfolio\Framwork\Render\Texture\TextureManager.h(23): warning C4715: 'TextureManager::GetInstance': 모든 제어 경로에서 값을 반환하지는 않습니다.
C:\Users\정동원\OneDrive\바탕 화면\포트폴리오용\Portfolio\Portfolio\Framwork\Camera\Camera.h(25): warning C4715: 'Camera::GetInstance': 모든 제어 경로에서 값을 반환하지는 않습니다.
C:\Users\정동원\OneDrive\바탕 화면\포트폴리오용\Portfolio\Portfolio\Framwork\Utillity\KeyBoard.h(39): warning C4715: 'KeyBoard::GetInstance': 모든 제어 경로에서 값을 반환하지는 않습니다.
C:\Users\정동원\OneDrive\바탕 화면\포트폴리오용\Portfolio\Portfolio\Framwork\Utillity\Timer.h(35): warning C4715: 'Timer::GetInstance': 모든 제어 경로에서 값을 반환하지는 않습니다.
C:\Users\정동원\OneDrive\바탕 화면\포트폴리오용\Portfolio\Portfolio\Obejct\BagicObject\EffectManager.h(25): warning C4715: 'EffectManager::GetInstance': 모든 제어 경로에서 값을 반환하지는 않습니다.
C:\Users\정동원\OneDrive\바탕 화면\포트폴리오용\Portfolio\Portfolio\Framwork\Device\Device.h(27): warning C4715: 'Device::GetInstance': 모든 제어 경로에서 값을 반환하지는 않습니다.
C:\Users\정동원\OneDrive\바탕 화면\포트폴리오용\Portfolio\Portfolio\Framwork\Device\Device.h(27): warning C4715: 'Device::GetInstance': 모든 제어 경로에서 값을 반환하지는 않습니다.
C:\Users\정동원\OneDrive\바탕 화면\포트폴리오용\Portfolio\Portfolio\Framwork\State\StateManager.h(25): warning C4715: 'StateManager::GetInstance': 모든 제어 경로에서 값을 반환하지는 않습니다.
C:\Users\정동원\OneDrive\바탕 화면\포트폴리오용\Portfolio\Portfolio\Framwork\Render\Texture\TextureManager.h(23): warning C4715: 'TextureManager::GetInstance': 모든 제어 경로에서 값을 반환하지는 않습니다.
C:\Users\정동원\OneDrive\바탕 화면\포트폴리오용\Portfolio\Portfolio\Framwork\Device\Device.h(27): warning C4715: 'Device::GetInstance': 모든 제어 경로에서 값을 반환하지는 않습니다.
C:\Users\정동원\OneDrive\바탕 화면\포트폴리오용\Portfolio\Portfolio\Framwork\Device\Device.h(27): warning C4715: 'Device::GetInstance': 모든 제어 경로에서 값을 반환하지는 않습니다.
C:\Users\정동원\OneDrive\바탕 화면\포트폴리오용\Portfolio\Portfolio\Framwork\Device\Device.h(27): warning C4715: 'Device::GetInstance': 모든 제어 경로에서 값을 반환하지는 않습니다.
C:\Users\정동원\OneDrive\바탕 화면\포트폴리오용\Portfolio\Portfolio\Framwork\Device\Device.h(27): warning C4715: 'Device::GetInstance': 모든 제어 경로에서 값을 반환하지는 않습니다.
C:\Users\정동원\OneDrive\바탕 화면\포트폴리오용\Portfolio\Portfolio\Framwork\Device\Device.h(27): warning C4715: 'Device::GetInstance': 모든 제어 경로에서 값을 반환하지는 않습니다.
C:\Users\정동원\OneDrive\바탕 화면\포트폴리오용\Portfolio\Portfolio\Framwork\Device\Device.h(27): warning C4715: 'Device::GetInstance': 모든 제어 경로에서 값을 반환하지는 않습니다.
  ColliderScene.cpp
C:\Users\정동원\OneDrive\바탕 화면\포트폴리오용\Portfolio\Portfolio\Scene\ColliderScene.cpp(43,53): warning C4244: '-=': 'double'에서 'float'(으)로 변환하면서 데이터가 손실될 수 있습니다.
C:\Users\정동원\OneDrive\바탕 화면\포트폴리오용\Portfolio\Portfolio\Scene\ColliderScene.cpp(45,53): warning C4244: '+=': 'double'에서 'float'(으)로 변환하면서 데이터가 손실될 수 있습니다.
C:\Users\정동원\OneDrive\바탕 화면\포트폴리오용\Portfolio\Portfolio\Scene\ColliderScene.cpp(48,56): warning C4244: '+=': 'double'에서 'float'(으)로 변환하면서 데이터가 손실될 수 있습니다.
C:\Users\정동원\OneDrive\바탕 화면\포트폴리오용\Portfolio\Portfolio\Scene\ColliderScene.cpp(50,56): warning C4244: '-=': 'double'에서 'float'(으)로 변환하면서 데이터가 손실될 수 있습니다.
C:\Users\정동원\OneDrive\바탕 화면\포트폴리오용\Portfolio\Portfolio\Scene\ColliderScene.cpp(53,56): warning C4244: '+=': 'double'에서 'float'(으)로 변환하면서 데이터가 손실될 수 있습니다.
C:\Users\정동원\OneDrive\바탕 화면\포트폴리오용\Portfolio\Portfolio\Scene\ColliderScene.cpp(55,56): warning C4244: '-=': 'double'에서 'float'(으)로 변환하면서 데이터가 손실될 수 있습니다.
C:\Users\정동원\OneDrive\바탕 화면\포트폴리오용\Portfolio\Portfolio\Scene\ColliderScene.cpp(97,23): warning C4244: '인수': 'double'에서 'const float'(으)로 변환하면서 데이터가 손실될 수 있습니다.
C:\Users\정동원\OneDrive\바탕 화면\포트폴리오용\Portfolio\Portfolio\Framwork\Utillity\Timer.h(35): warning C4715: 'Timer::GetInstance': 모든 제어 경로에서 값을 반환하지는 않습니다.
C:\Users\정동원\OneDrive\바탕 화면\포트폴리오용\Portfolio\Portfolio\Framwork\Utillity\KeyBoard.h(39): warning C4715: 'KeyBoard::GetInstance': 모든 제어 경로에서 값을 반환하지는 않습니다.
  Portfolio.vcxproj -> C:\Users\정동원\OneDrive\바탕 화면\포트폴리오용\Portfolio\Debug\Portfolio.exe
